Log file open, 11/28/22 11:38:56
LogWindows: Failed to load 'aqProf.dll' (GetLastError=126)
LogWindows: File 'aqProf.dll' does not exist
LogWindows: Failed to load 'VtuneApi.dll' (GetLastError=126)
LogWindows: File 'VtuneApi.dll' does not exist
LogWindows: Failed to load 'VtuneApi32e.dll' (GetLastError=126)
LogWindows: File 'VtuneApi32e.dll' does not exist
LogConsoleResponse: Display: Failed to find resolution value strings in scalability ini. Falling back to default.
LogConsoleResponse: Display: Failed to find resolution value strings in scalability ini. Falling back to default.
LogInit: Display: Running engine for game: Unrealcourse
LogPlatformFile: Not using cached read wrapper
LogTaskGraph: Started task graph with 5 named threads and 47 total threads with 3 sets of task threads.
LogStats: Stats thread started at 0.225133
LogICUInternationalization: ICU TimeZone Detection - Raw Offset: +1:00, Platform Override: ''
LogInit: Display: Loading text-based GConfig....
LogPluginManager: Mounting plugin MeshPainting
LogPluginManager: Mounting plugin XGEController
LogPluginManager: Mounting plugin Paper2D
LogPluginManager: Mounting plugin LiveLink
LogPluginManager: Mounting plugin AISupport
LogPluginManager: Mounting plugin EnvironmentQueryEditor
LogPluginManager: Mounting plugin GameplayCameras
LogPluginManager: Mounting plugin CameraShakePreviewer
LogPluginManager: Mounting plugin LightPropagationVolume
LogPluginManager: Mounting plugin AssetManagerEditor
LogPluginManager: Mounting plugin CryptoKeys
LogPluginManager: Mounting plugin DataValidation
LogPluginManager: Mounting plugin FacialAnimation
LogPluginManager: Mounting plugin CurveEditorTools
LogPluginManager: Mounting plugin GeometryMode
LogPluginManager: Mounting plugin MaterialAnalyzer
LogPluginManager: Mounting plugin MacGraphicsSwitching
LogPluginManager: Mounting plugin GameplayTagsEditor
LogPluginManager: Mounting plugin PluginBrowser
LogPluginManager: Mounting plugin MobileLauncherProfileWizard
LogPluginManager: Mounting plugin AnimationSharing
LogPluginManager: Mounting plugin SpeedTreeImporter
LogPluginManager: Mounting plugin CLionSourceCodeAccess
LogPluginManager: Mounting plugin CodeLiteSourceCodeAccess
LogPluginManager: Mounting plugin GitSourceControl
LogPluginManager: Mounting plugin KDevelopSourceCodeAccess
LogPluginManager: Mounting plugin NullSourceCodeAccess
LogPluginManager: Mounting plugin PlasticSourceControl
LogPluginManager: Mounting plugin PixWinPlugin
LogPluginManager: Mounting plugin PerforceSourceControl
LogPluginManager: Mounting plugin PluginUtils
LogPluginManager: Mounting plugin PropertyAccessNode
LogPluginManager: Mounting plugin RiderSourceCodeAccess
LogPluginManager: Mounting plugin SubversionSourceControl
LogPluginManager: Mounting plugin UObjectPlugin
LogPluginManager: Mounting plugin TextureFormatOodle
LogPluginManager: Mounting plugin OodleData
LogPluginManager: Mounting plugin DatasmithContent
LogPluginManager: Mounting plugin OodleNetwork
LogPluginManager: Mounting plugin VisualStudioCodeSourceCodeAccess
LogPluginManager: Mounting plugin VariantManagerContent
LogPluginManager: Mounting plugin VisualStudioSourceCodeAccess
LogPluginManager: Mounting plugin XCodeSourceCodeAccess
LogPluginManager: Mounting plugin Niagara
LogPluginManager: Mounting plugin LuminPlatformFeatures
LogPluginManager: Mounting plugin MagicLeap
LogPluginManager: Mounting plugin MagicLeapLightEstimation
LogPluginManager: Mounting plugin MagicLeapMedia
LogPluginManager: Mounting plugin AlembicImporter
LogPluginManager: Mounting plugin MagicLeapPassableWorld
LogPluginManager: Mounting plugin AutomationUtils
LogPluginManager: Mounting plugin BackChannel
LogPluginManager: Mounting plugin ChaosCloth
LogPluginManager: Mounting plugin ChaosClothEditor
LogPluginManager: Mounting plugin ChaosNiagara
LogPluginManager: Mounting plugin MLSDK
LogPluginManager: Mounting plugin ChaosEditor
LogPluginManager: Mounting plugin ChaosSolverPlugin
LogPluginManager: Mounting plugin CharacterAI
LogPluginManager: Mounting plugin GeometryCache
LogPluginManager: Mounting plugin AndroidMedia
LogPluginManager: Mounting plugin AvfMedia
LogPluginManager: Mounting plugin GeometryCollectionPlugin
LogPluginManager: Mounting plugin ActorSequence
LogPluginManager: Mounting plugin ImgMedia
LogPluginManager: Mounting plugin MediaCompositing
LogPluginManager: Mounting plugin LevelSequenceEditor
LogPluginManager: Mounting plugin MatineeToLevelSequence
LogPluginManager: Mounting plugin TemplateSequence
LogPluginManager: Mounting plugin WebMMedia
LogPluginManager: Mounting plugin MediaPlayerEditor
LogPluginManager: Mounting plugin WmfMedia
LogPluginManager: Mounting plugin GeometryProcessing
LogPluginManager: Mounting plugin TcpMessaging
LogPluginManager: Mounting plugin MotoSynth
LogPluginManager: Mounting plugin OpenImageDenoise
LogPluginManager: Mounting plugin UdpMessaging
LogPluginManager: Mounting plugin PlanarCut
LogPluginManager: Mounting plugin ProxyLODPlugin
LogPluginManager: Mounting plugin PlatformCrypto
LogPluginManager: Mounting plugin PythonScriptPlugin
LogPluginManager: Mounting plugin SkeletalReduction
LogPluginManager: Mounting plugin OnlineSubsystem
LogPluginManager: Mounting plugin OnlineSubsystemNull
LogPluginManager: Mounting plugin OnlineSubsystemUtils
LogPluginManager: Mounting plugin ScreenshotTools
LogPluginManager: Mounting plugin LauncherChunkInstaller
LogPluginManager: Mounting plugin ActorLayerUtilities
LogPluginManager: Mounting plugin AndroidDeviceProfileSelector
LogPluginManager: Mounting plugin AndroidMoviePlayer
LogPluginManager: Mounting plugin AndroidPermission
LogPluginManager: Mounting plugin AppleImageUtils
LogPluginManager: Mounting plugin AppleMoviePlayer
LogPluginManager: Mounting plugin AudioSynesthesia
LogPluginManager: Mounting plugin AssetTags
LogPluginManager: Mounting plugin AudioCapture
LogPluginManager: Mounting plugin ArchVisCharacter
LogPluginManager: Mounting plugin CableComponent
LogPluginManager: Mounting plugin ChunkDownloader
LogPluginManager: Mounting plugin CustomMeshComponent
LogPluginManager: Mounting plugin EditableMesh
LogPluginManager: Mounting plugin ExampleDeviceProfileSelector
LogPluginManager: Mounting plugin GoogleCloudMessaging
LogPluginManager: Mounting plugin GooglePAD
LogPluginManager: Mounting plugin IOSDeviceProfileSelector
LogPluginManager: Mounting plugin LinuxDeviceProfileSelector
LogPluginManager: Mounting plugin LocationServicesBPLibrary
LogPluginManager: Mounting plugin Takes
LogPluginManager: Mounting plugin MobilePatchingUtils
LogPluginManager: Mounting plugin OpenXREyeTracker
LogPluginManager: Mounting plugin OpenXR
LogPluginManager: Mounting plugin OpenXRHandTracking
LogPluginManager: Mounting plugin ProceduralMeshComponent
LogPluginManager: Mounting plugin PhysXVehicles
LogPluginManager: Mounting plugin RuntimePhysXCooking
LogPluginManager: Mounting plugin PostSplashScreen
LogPluginManager: Mounting plugin SignificanceManager
LogPluginManager: Mounting plugin PropertyAccessEditor
LogPluginManager: Mounting plugin SoundFields
LogPluginManager: Mounting plugin Synthesis
LogPluginManager: Mounting plugin WebMMoviePlayer
LogPluginManager: Mounting plugin WindowsMoviePlayer
LogPluginManager: Mounting plugin ContentBrowserAssetDataSource
LogPluginManager: Mounting plugin ContentBrowserFileDataSource
LogPluginManager: Mounting plugin ContentBrowserClassDataSource
LogPluginManager: Mounting plugin OnlineSubsystemGooglePlay
LogPluginManager: Mounting plugin OnlineSubsystemIOS
LogPluginManager: Mounting plugin OculusVR
LogPluginManager: Mounting plugin SteamVR
PixWinPlugin: PIX capture plugin failed to initialize! Check that the process is launched from PIX.
LogInit: Using libcurl 7.55.1-DEV
LogInit:  - built for x86_64-pc-win32
LogInit:  - supports SSL with OpenSSL/1.1.1
LogInit:  - supports HTTP deflate (compression) using libz 1.2.8
LogInit:  - other features:
LogInit:      CURL_VERSION_SSL
LogInit:      CURL_VERSION_LIBZ
LogInit:      CURL_VERSION_IPV6
LogInit:      CURL_VERSION_ASYNCHDNS
LogInit:      CURL_VERSION_LARGEFILE
LogInit:      CURL_VERSION_IDN
LogInit:  CurlRequestOptions (configurable via config and command line):
LogInit:  - bVerifyPeer = true  - Libcurl will verify peer certificate
LogInit:  - bUseHttpProxy = false  - Libcurl will NOT use HTTP proxy
LogInit:  - bDontReuseConnections = false  - Libcurl will reuse connections
LogInit:  - MaxHostConnections = 16  - Libcurl will limit the number of connections to a host
LogInit:  - LocalHostAddr = Default
LogInit:  - BufferSize = 65536
LogOnline: OSS: Creating online subsystem instance for: NULL
LogInit: WinSock: version 1.1 (2.2), MaxSocks=32767, MaxUdp=65467
LogOnline: OSS: TryLoadSubsystemAndSetDefault: Loaded subsystem for module [NULL]
LogOculusPluginWrapper: OculusPlugin initialized successfully
LogHMD: Failed initializing OVRPlugin 1.59.0
LogInit: Build: ++UE4+Release-4.27-CL-18319896
LogInit: Engine Version: 4.27.2-18319896+++UE4+Release-4.27
LogInit: Compatible Engine Version: 4.27.0-17155196+++UE4+Release-4.27
LogInit: Net CL: 17155196
LogInit: OS: Windows 10 (Release 2009) (), CPU: AMD Ryzen 9 5900HS with Radeon Graphics        , GPU: AMD Radeon(TM) Graphics
LogInit: Compiled (64-bit): Nov 30 2021 07:12:08
LogInit: Compiled with Visual C++: 19.24.28315.00
LogInit: Build Configuration: Development
LogInit: Branch Name: ++UE4+Release-4.27
LogInit: Command Line:  -EpicPortal -epicusername=OctoHuntz -epicuserid=5f1520e5ac364e7fa46da297a12f145d -epiclocale=en -epicsandboxid=ue
LogInit: Base Directory: C:/Program Files/Epic Games/UE_4.27/Engine/Binaries/Win64/
LogInit: Allocator: TBB
LogInit: Installed Engine Build: 1
LogDevObjectVersion: Number of dev versions registered: 29
LogDevObjectVersion:   Dev-Blueprints (B0D832E4-1F89-4F0D-ACCF-7EB736FD4AA2): 10
LogDevObjectVersion:   Dev-Build (E1C64328-A22C-4D53-A36C-8E866417BD8C): 0
LogDevObjectVersion:   Dev-Core (375EC13C-06E4-48FB-B500-84F0262A717E): 4
LogDevObjectVersion:   Dev-Editor (E4B068ED-F494-42E9-A231-DA0B2E46BB41): 40
LogDevObjectVersion:   Dev-Framework (CFFC743F-43B0-4480-9391-14DF171D2073): 37
LogDevObjectVersion:   Dev-Mobile (B02B49B5-BB20-44E9-A304-32B752E40360): 3
LogDevObjectVersion:   Dev-Networking (A4E4105C-59A1-49B5-A7C5-40C4547EDFEE): 0
LogDevObjectVersion:   Dev-Online (39C831C9-5AE6-47DC-9A44-9C173E1C8E7C): 0
LogDevObjectVersion:   Dev-Physics (78F01B33-EBEA-4F98-B9B4-84EACCB95AA2): 14
LogDevObjectVersion:   Dev-Platform (6631380F-2D4D-43E0-8009-CF276956A95A): 0
LogDevObjectVersion:   Dev-Rendering (12F88B9F-8875-4AFC-A67C-D90C383ABD29): 45
LogDevObjectVersion:   Dev-Sequencer (7B5AE74C-D270-4C10-A958-57980B212A5A): 13
LogDevObjectVersion:   Dev-VR (D7296918-1DD6-4BDD-9DE2-64A83CC13884): 3
LogDevObjectVersion:   Dev-LoadTimes (C2A15278-BFE7-4AFE-6C17-90FF531DF755): 1
LogDevObjectVersion:   Private-Geometry (6EACA3D4-40EC-4CC1-B786-8BED09428FC5): 3
LogDevObjectVersion:   Dev-AnimPhys (29E575DD-E0A3-4627-9D10-D276232CDCEA): 17
LogDevObjectVersion:   Dev-Anim (AF43A65D-7FD3-4947-9873-3E8ED9C1BB05): 15
LogDevObjectVersion:   Dev-ReflectionCapture (6B266CEC-1EC7-4B8F-A30B-E4D90942FC07): 1
LogDevObjectVersion:   Dev-Automation (0DF73D61-A23F-47EA-B727-89E90C41499A): 1
LogDevObjectVersion:   FortniteMain (601D1886-AC64-4F84-AA16-D3DE0DEAC7D6): 47
LogDevObjectVersion:   FortniteRelease (E7086368-6B23-4C58-8439-1B7016265E91): 1
LogDevObjectVersion:   Dev-Enterprise (9DFFBCD6-494F-0158-E221-12823C92A888): 10
LogDevObjectVersion:   Dev-Niagara (F2AED0AC-9AFE-416F-8664-AA7FFA26D6FC): 1
LogDevObjectVersion:   Dev-Destruction (174F1F0B-B4C6-45A5-B13F-2EE8D0FB917D): 10
LogDevObjectVersion:   Dev-Physics-Ext (35F94A83-E258-406C-A318-09F59610247C): 41
LogDevObjectVersion:   Dev-PhysicsMaterial-Chaos (B68FC16E-8B1B-42E2-B453-215C058844FE): 1
LogDevObjectVersion:   Dev-CineCamera (B2E18506-4273-CFC2-A54E-F4BB758BBA07): 1
LogDevObjectVersion:   Dev-VirtualProduction (64F58936-FD1B-42BA-BA96-7289D5D0FA4E): 1
LogDevObjectVersion:   Dev-MediaFramework (6F0ED827-A609-4895-9C91-998D90180EA4): 2
LogInit: Presizing for max 25165824 objects, including 0 objects not considered by GC, pre-allocating 0 bytes for permanent pool.
LogConfig: Applying CVar settings from Section [/Script/Engine.StreamingSettings] File [C:/Users/olive/Documents/GitHub/Unrealengine-course/Unrealcourse/Saved/Config/Windows/Engine.ini]
LogConfig: Setting CVar [[s.MinBulkDataSizeForAsyncLoading:131072]]
LogConfig: Setting CVar [[s.AsyncLoadingThreadEnabled:0]]
LogConfig: Setting CVar [[s.EventDrivenLoaderEnabled:1]]
LogConfig: Setting CVar [[s.WarnIfTimeLimitExceeded:0]]
LogConfig: Setting CVar [[s.TimeLimitExceededMultiplier:1.5]]
LogConfig: Setting CVar [[s.TimeLimitExceededMinTime:0.005]]
LogConfig: Setting CVar [[s.UseBackgroundLevelStreaming:1]]
LogConfig: Setting CVar [[s.PriorityAsyncLoadingExtraTime:15.0]]
LogConfig: Setting CVar [[s.LevelStreamingActorsUpdateTimeLimit:5.0]]
LogConfig: Setting CVar [[s.PriorityLevelStreamingActorsUpdateExtraTime:5.0]]
LogConfig: Setting CVar [[s.LevelStreamingComponentsRegistrationGranularity:10]]
LogConfig: Setting CVar [[s.UnregisterComponentsTimeLimit:1.0]]
LogConfig: Setting CVar [[s.LevelStreamingComponentsUnregistrationGranularity:5]]
LogConfig: Setting CVar [[s.FlushStreamingOnExit:1]]
LogInit: Object subsystem initialized
LogConfig: Setting CVar [[con.DebugEarlyDefault:1]]
LogConfig: Setting CVar [[r.setres:1280x720]]
[2022.11.28-10.38.56:885][  0]LogConfig: Setting CVar [[r.VSync:0]]
[2022.11.28-10.38.56:885][  0]LogConfig: Setting CVar [[r.RHICmdBypass:0]]
[2022.11.28-10.38.56:885][  0]LogConfig: Applying CVar settings from Section [/Script/Engine.RendererSettings] File [C:/Users/olive/Documents/GitHub/Unrealengine-course/Unrealcourse/Saved/Config/Windows/Engine.ini]
[2022.11.28-10.38.56:885][  0]LogConfig: Setting CVar [[r.GPUCrashDebugging:0]]
[2022.11.28-10.38.56:886][  0]LogConfig: Applying CVar settings from Section [/Script/Engine.RendererOverrideSettings] File [C:/Users/olive/Documents/GitHub/Unrealengine-course/Unrealcourse/Saved/Config/Windows/Engine.ini]
[2022.11.28-10.38.56:886][  0]LogConfig: Applying CVar settings from Section [/Script/Engine.StreamingSettings] File [C:/Users/olive/Documents/GitHub/Unrealengine-course/Unrealcourse/Saved/Config/Windows/Engine.ini]
[2022.11.28-10.38.56:886][  0]LogConfig: Setting CVar [[s.MinBulkDataSizeForAsyncLoading:131072]]
[2022.11.28-10.38.56:886][  0]LogConfig: Setting CVar [[s.AsyncLoadingThreadEnabled:0]]
[2022.11.28-10.38.56:886][  0]LogConfig: Setting CVar [[s.EventDrivenLoaderEnabled:1]]
[2022.11.28-10.38.56:886][  0]LogConfig: Setting CVar [[s.WarnIfTimeLimitExceeded:0]]
[2022.11.28-10.38.56:886][  0]LogConfig: Setting CVar [[s.TimeLimitExceededMultiplier:1.5]]
[2022.11.28-10.38.56:886][  0]LogConfig: Setting CVar [[s.TimeLimitExceededMinTime:0.005]]
[2022.11.28-10.38.56:886][  0]LogConfig: Setting CVar [[s.UseBackgroundLevelStreaming:1]]
[2022.11.28-10.38.56:886][  0]LogConfig: Setting CVar [[s.PriorityAsyncLoadingExtraTime:15.0]]
[2022.11.28-10.38.56:886][  0]LogConfig: Setting CVar [[s.LevelStreamingActorsUpdateTimeLimit:5.0]]
[2022.11.28-10.38.56:886][  0]LogConfig: Setting CVar [[s.PriorityLevelStreamingActorsUpdateExtraTime:5.0]]
[2022.11.28-10.38.56:886][  0]LogConfig: Setting CVar [[s.LevelStreamingComponentsRegistrationGranularity:10]]
[2022.11.28-10.38.56:886][  0]LogConfig: Setting CVar [[s.UnregisterComponentsTimeLimit:1.0]]
[2022.11.28-10.38.56:886][  0]LogConfig: Setting CVar [[s.LevelStreamingComponentsUnregistrationGranularity:5]]
[2022.11.28-10.38.56:886][  0]LogConfig: Setting CVar [[s.FlushStreamingOnExit:1]]
[2022.11.28-10.38.56:886][  0]LogConfig: Applying CVar settings from Section [/Script/Engine.GarbageCollectionSettings] File [C:/Users/olive/Documents/GitHub/Unrealengine-course/Unrealcourse/Saved/Config/Windows/Engine.ini]
[2022.11.28-10.38.56:886][  0]LogConfig: Setting CVar [[gc.MaxObjectsNotConsideredByGC:1]]
[2022.11.28-10.38.56:886][  0]LogConfig: Setting CVar [[gc.SizeOfPermanentObjectPool:0]]
[2022.11.28-10.38.56:886][  0]LogConfig: Setting CVar [[gc.FlushStreamingOnGC:0]]
[2022.11.28-10.38.56:886][  0]LogConfig: Setting CVar [[gc.NumRetriesBeforeForcingGC:10]]
[2022.11.28-10.38.56:886][  0]LogConfig: Setting CVar [[gc.AllowParallelGC:1]]
[2022.11.28-10.38.56:886][  0]LogConfig: Setting CVar [[gc.TimeBetweenPurgingPendingKillObjects:61.1]]
[2022.11.28-10.38.56:886][  0]LogConfig: Setting CVar [[gc.MaxObjectsInEditor:25165824]]
[2022.11.28-10.38.56:886][  0]LogConfig: Setting CVar [[gc.IncrementalBeginDestroyEnabled:1]]
[2022.11.28-10.38.56:886][  0]LogConfig: Setting CVar [[gc.CreateGCClusters:1]]
[2022.11.28-10.38.56:886][  0]LogConfig: Setting CVar [[gc.MinGCClusterSize:5]]
[2022.11.28-10.38.56:886][  0]LogConfig: Setting CVar [[gc.ActorClusteringEnabled:0]]
[2022.11.28-10.38.56:886][  0]LogConfig: Setting CVar [[gc.BlueprintClusteringEnabled:0]]
[2022.11.28-10.38.56:886][  0]LogConfig: Setting CVar [[gc.UseDisregardForGCOnDedicatedServers:0]]
[2022.11.28-10.38.56:886][  0]LogConfig: Setting CVar [[gc.MultithreadedDestructionEnabled:1]]
[2022.11.28-10.38.56:886][  0]LogConfig: Applying CVar settings from Section [/Script/Engine.NetworkSettings] File [C:/Users/olive/Documents/GitHub/Unrealengine-course/Unrealcourse/Saved/Config/Windows/Engine.ini]
[2022.11.28-10.38.56:886][  0]LogConfig: Applying CVar settings from Section [/Script/UnrealEd.CookerSettings] File [C:/Users/olive/Documents/GitHub/Unrealengine-course/Unrealcourse/Saved/Config/Windows/Engine.ini]
[2022.11.28-10.38.56:896][  0]LogConfig: Applying CVar settings from Section [ViewDistanceQuality@3] File [C:/Users/olive/Documents/GitHub/Unrealengine-course/Unrealcourse/Saved/Config/Windows/Scalability.ini]
[2022.11.28-10.38.56:896][  0]LogConfig: Setting CVar [[r.SkeletalMeshLODBias:0]]
[2022.11.28-10.38.56:896][  0]LogConfig: Setting CVar [[r.ViewDistanceScale:1.0]]
[2022.11.28-10.38.56:896][  0]LogConfig: Applying CVar settings from Section [AntiAliasingQuality@3] File [C:/Users/olive/Documents/GitHub/Unrealengine-course/Unrealcourse/Saved/Config/Windows/Scalability.ini]
[2022.11.28-10.38.56:896][  0]LogConfig: Setting CVar [[r.PostProcessAAQuality:4]]
[2022.11.28-10.38.56:896][  0]LogConfig: Applying CVar settings from Section [ShadowQuality@3] File [C:/Users/olive/Documents/GitHub/Unrealengine-course/Unrealcourse/Saved/Config/Windows/Scalability.ini]
[2022.11.28-10.38.56:896][  0]LogConfig: Setting CVar [[r.LightFunctionQuality:1]]
[2022.11.28-10.38.56:896][  0]LogConfig: Setting CVar [[r.ShadowQuality:5]]
[2022.11.28-10.38.56:896][  0]LogConfig: Setting CVar [[r.Shadow.CSM.MaxCascades:10]]
[2022.11.28-10.38.56:896][  0]LogConfig: Setting CVar [[r.Shadow.MaxResolution:2048]]
[2022.11.28-10.38.56:896][  0]LogConfig: Setting CVar [[r.Shadow.MaxCSMResolution:2048]]
[2022.11.28-10.38.56:896][  0]LogConfig: Setting CVar [[r.Shadow.RadiusThreshold:0.01]]
[2022.11.28-10.38.56:896][  0]LogConfig: Setting CVar [[r.Shadow.DistanceScale:1.0]]
[2022.11.28-10.38.56:896][  0]LogConfig: Setting CVar [[r.Shadow.CSM.TransitionScale:1.0]]
[2022.11.28-10.38.56:896][  0]LogConfig: Setting CVar [[r.Shadow.PreShadowResolutionFactor:1.0]]
[2022.11.28-10.38.56:896][  0]LogConfig: Setting CVar [[r.DistanceFieldShadowing:1]]
[2022.11.28-10.38.56:896][  0]LogConfig: Setting CVar [[r.DistanceFieldAO:1]]
[2022.11.28-10.38.56:896][  0]LogConfig: Setting CVar [[r.AOQuality:2]]
[2022.11.28-10.38.56:896][  0]LogConfig: Setting CVar [[r.VolumetricFog:1]]
[2022.11.28-10.38.56:896][  0]LogConfig: Setting CVar [[r.VolumetricFog.GridPixelSize:8]]
[2022.11.28-10.38.56:896][  0]LogConfig: Setting CVar [[r.VolumetricFog.GridSizeZ:128]]
[2022.11.28-10.38.56:896][  0]LogConfig: Setting CVar [[r.VolumetricFog.HistoryMissSupersampleCount:4]]
[2022.11.28-10.38.56:896][  0]LogConfig: Setting CVar [[r.LightMaxDrawDistanceScale:1]]
[2022.11.28-10.38.56:896][  0]LogConfig: Setting CVar [[r.CapsuleShadows:1]]
[2022.11.28-10.38.56:896][  0]LogConfig: Applying CVar settings from Section [PostProcessQuality@3] File [C:/Users/olive/Documents/GitHub/Unrealengine-course/Unrealcourse/Saved/Config/Windows/Scalability.ini]
[2022.11.28-10.38.56:896][  0]LogConfig: Setting CVar [[r.MotionBlurQuality:4]]
[2022.11.28-10.38.56:896][  0]LogConfig: Setting CVar [[r.AmbientOcclusionMipLevelFactor:0.4]]
[2022.11.28-10.38.56:896][  0]LogConfig: Setting CVar [[r.AmbientOcclusionMaxQuality:100]]
[2022.11.28-10.38.56:896][  0]LogConfig: Setting CVar [[r.AmbientOcclusionLevels:-1]]
[2022.11.28-10.38.56:896][  0]LogConfig: Setting CVar [[r.AmbientOcclusionRadiusScale:1.0]]
[2022.11.28-10.38.56:896][  0]LogConfig: Setting CVar [[r.DepthOfFieldQuality:2]]
[2022.11.28-10.38.56:896][  0]LogConfig: Setting CVar [[r.RenderTargetPoolMin:400]]
[2022.11.28-10.38.56:896][  0]LogConfig: Setting CVar [[r.LensFlareQuality:2]]
[2022.11.28-10.38.56:896][  0]LogConfig: Setting CVar [[r.SceneColorFringeQuality:1]]
[2022.11.28-10.38.56:896][  0]LogConfig: Setting CVar [[r.EyeAdaptationQuality:2]]
[2022.11.28-10.38.56:896][  0]LogConfig: Setting CVar [[r.BloomQuality:5]]
[2022.11.28-10.38.56:896][  0]LogConfig: Setting CVar [[r.FastBlurThreshold:100]]
[2022.11.28-10.38.56:896][  0]LogConfig: Setting CVar [[r.Upscale.Quality:3]]
[2022.11.28-10.38.56:896][  0]LogConfig: Setting CVar [[r.Tonemapper.GrainQuantization:1]]
[2022.11.28-10.38.56:896][  0]LogConfig: Setting CVar [[r.LightShaftQuality:1]]
[2022.11.28-10.38.56:896][  0]LogConfig: Setting CVar [[r.Filter.SizeScale:1]]
[2022.11.28-10.38.56:896][  0]LogConfig: Setting CVar [[r.Tonemapper.Quality:5]]
[2022.11.28-10.38.56:896][  0]LogConfig: Setting CVar [[r.DOF.Gather.AccumulatorQuality:1        ; higher gathering accumulator quality]]
[2022.11.28-10.38.56:896][  0]LogConfig: Setting CVar [[r.DOF.Gather.PostfilterMethod:1          ; Median3x3 postfilering method]]
[2022.11.28-10.38.56:896][  0]LogConfig: Setting CVar [[r.DOF.Gather.EnableBokehSettings:0       ; no bokeh simulation when gathering]]
[2022.11.28-10.38.56:896][  0]LogConfig: Setting CVar [[r.DOF.Gather.RingCount:4                 ; medium number of samples when gathering]]
[2022.11.28-10.38.56:896][  0]LogConfig: Setting CVar [[r.DOF.Scatter.ForegroundCompositing:1    ; additive foreground scattering]]
[2022.11.28-10.38.56:896][  0]LogConfig: Setting CVar [[r.DOF.Scatter.BackgroundCompositing:2    ; additive background scattering]]
[2022.11.28-10.38.56:896][  0]LogConfig: Setting CVar [[r.DOF.Scatter.EnableBokehSettings:1      ; bokeh simulation when scattering]]
[2022.11.28-10.38.56:896][  0]LogConfig: Setting CVar [[r.DOF.Scatter.MaxSpriteRatio:0.1         ; only a maximum of 10% of scattered bokeh]]
[2022.11.28-10.38.56:896][  0]LogConfig: Setting CVar [[r.DOF.Recombine.Quality:1                ; cheap slight out of focus]]
[2022.11.28-10.38.56:896][  0]LogConfig: Setting CVar [[r.DOF.Recombine.EnableBokehSettings:0    ; no bokeh simulation on slight out of focus]]
[2022.11.28-10.38.56:896][  0]LogConfig: Setting CVar [[r.DOF.TemporalAAQuality:1                ; more stable temporal accumulation]]
[2022.11.28-10.38.56:896][  0]LogConfig: Setting CVar [[r.DOF.Kernel.MaxForegroundRadius:0.025]]
[2022.11.28-10.38.56:896][  0]LogConfig: Setting CVar [[r.DOF.Kernel.MaxBackgroundRadius:0.025]]
[2022.11.28-10.38.56:896][  0]LogConfig: Applying CVar settings from Section [TextureQuality@3] File [C:/Users/olive/Documents/GitHub/Unrealengine-course/Unrealcourse/Saved/Config/Windows/Scalability.ini]
[2022.11.28-10.38.56:896][  0]LogConfig: Setting CVar [[r.Streaming.MipBias:0]]
[2022.11.28-10.38.56:897][  0]LogConfig: Setting CVar [[r.Streaming.AmortizeCPUToGPUCopy:0]]
[2022.11.28-10.38.56:897][  0]LogConfig: Setting CVar [[r.Streaming.MaxNumTexturesToStreamPerFrame:0]]
[2022.11.28-10.38.56:897][  0]LogConfig: Setting CVar [[r.Streaming.Boost:1]]
[2022.11.28-10.38.56:897][  0]LogConfig: Setting CVar [[r.MaxAnisotropy:8]]
[2022.11.28-10.38.56:897][  0]LogConfig: Setting CVar [[r.VT.MaxAnisotropy:8]]
[2022.11.28-10.38.56:897][  0]LogConfig: Setting CVar [[r.Streaming.LimitPoolSizeToVRAM:0]]
[2022.11.28-10.38.56:897][  0]LogConfig: Setting CVar [[r.Streaming.PoolSize:1000]]
[2022.11.28-10.38.56:897][  0]LogConfig: Setting CVar [[r.Streaming.MaxEffectiveScreenSize:0]]
[2022.11.28-10.38.56:897][  0]LogConfig: Applying CVar settings from Section [EffectsQuality@3] File [C:/Users/olive/Documents/GitHub/Unrealengine-course/Unrealcourse/Saved/Config/Windows/Scalability.ini]
[2022.11.28-10.38.56:897][  0]LogConfig: Setting CVar [[r.TranslucencyLightingVolumeDim:64]]
[2022.11.28-10.38.56:897][  0]LogConfig: Setting CVar [[r.RefractionQuality:2]]
[2022.11.28-10.38.56:897][  0]LogConfig: Setting CVar [[r.SSR.Quality:3]]
[2022.11.28-10.38.56:897][  0]LogConfig: Setting CVar [[r.SSR.HalfResSceneColor:0]]
[2022.11.28-10.38.56:897][  0]LogConfig: Setting CVar [[r.SceneColorFormat:4]]
[2022.11.28-10.38.56:897][  0]LogConfig: Setting CVar [[r.DetailMode:2]]
[2022.11.28-10.38.56:897][  0]LogConfig: Setting CVar [[r.TranslucencyVolumeBlur:1]]
[2022.11.28-10.38.56:897][  0]LogConfig: Setting CVar [[r.MaterialQualityLevel:1 ; High quality]]
[2022.11.28-10.38.56:897][  0]LogConfig: Setting CVar [[r.AnisotropicMaterials:1]]
[2022.11.28-10.38.56:897][  0]LogConfig: Setting CVar [[r.SSS.Scale:1]]
[2022.11.28-10.38.56:897][  0]LogConfig: Setting CVar [[r.SSS.SampleSet:2]]
[2022.11.28-10.38.56:897][  0]LogConfig: Setting CVar [[r.SSS.Quality:1]]
[2022.11.28-10.38.56:897][  0]LogConfig: Setting CVar [[r.SSS.HalfRes:0]]
[2022.11.28-10.38.56:897][  0]LogConfig: Setting CVar [[r.SSGI.Quality:3]]
[2022.11.28-10.38.56:897][  0]LogConfig: Setting CVar [[r.EmitterSpawnRateScale:1.0]]
[2022.11.28-10.38.56:897][  0]LogConfig: Setting CVar [[r.ParticleLightQuality:2]]
[2022.11.28-10.38.56:897][  0]LogConfig: Setting CVar [[r.SkyAtmosphere.AerialPerspectiveLUT.FastApplyOnOpaque:1 ; Always have FastSkyLUT 1 in this case to avoid wrong sky]]
[2022.11.28-10.38.56:897][  0]LogConfig: Setting CVar [[r.SkyAtmosphere.AerialPerspectiveLUT.SampleCountMaxPerSlice:4]]
[2022.11.28-10.38.56:897][  0]LogConfig: Setting CVar [[r.SkyAtmosphere.AerialPerspectiveLUT.DepthResolution:16.0]]
[2022.11.28-10.38.56:897][  0]LogConfig: Setting CVar [[r.SkyAtmosphere.FastSkyLUT:1]]
[2022.11.28-10.38.56:897][  0]LogConfig: Setting CVar [[r.SkyAtmosphere.FastSkyLUT.SampleCountMin:4.0]]
[2022.11.28-10.38.56:897][  0]LogConfig: Setting CVar [[r.SkyAtmosphere.FastSkyLUT.SampleCountMax:128.0]]
[2022.11.28-10.38.56:897][  0]LogConfig: Setting CVar [[r.SkyAtmosphere.SampleCountMin:4.0]]
[2022.11.28-10.38.56:897][  0]LogConfig: Setting CVar [[r.SkyAtmosphere.SampleCountMax:128.0]]
[2022.11.28-10.38.56:897][  0]LogConfig: Setting CVar [[r.SkyAtmosphere.TransmittanceLUT.UseSmallFormat:0]]
[2022.11.28-10.38.56:897][  0]LogConfig: Setting CVar [[r.SkyAtmosphere.TransmittanceLUT.SampleCount:10.0]]
[2022.11.28-10.38.56:897][  0]LogConfig: Setting CVar [[r.SkyAtmosphere.MultiScatteringLUT.SampleCount:15.0]]
[2022.11.28-10.38.56:897][  0]LogConfig: Setting CVar [[r.SkyLight.RealTimeReflectionCapture:1]]
[2022.11.28-10.38.56:897][  0]LogConfig: Applying CVar settings from Section [FoliageQuality@3] File [C:/Users/olive/Documents/GitHub/Unrealengine-course/Unrealcourse/Saved/Config/Windows/Scalability.ini]
[2022.11.28-10.38.56:897][  0]LogConfig: Setting CVar [[foliage.DensityScale:1.0]]
[2022.11.28-10.38.56:897][  0]LogConfig: Setting CVar [[grass.DensityScale:1.0]]
[2022.11.28-10.38.56:897][  0]LogConfig: Applying CVar settings from Section [ShadingQuality@3] File [C:/Users/olive/Documents/GitHub/Unrealengine-course/Unrealcourse/Saved/Config/Windows/Scalability.ini]
[2022.11.28-10.38.56:897][  0]LogConfig: Setting CVar [[r.HairStrands.SkyLighting.IntegrationType:2]]
[2022.11.28-10.38.56:897][  0]LogConfig: Setting CVar [[r.HairStrands.SkyAO.SampleCount:4]]
[2022.11.28-10.38.56:897][  0]LogConfig: Setting CVar [[r.HairStrands.Visibility.MSAA.SamplePerPixel:4]]
[2022.11.28-10.38.56:897][  0]LogInit: Selected Device Profile: [Windows]
[2022.11.28-10.38.56:897][  0]LogInit: Applying CVar settings loaded from the selected device profile: [Windows]
[2022.11.28-10.38.56:897][  0]LogHAL: Display: Platform has ~ 32 GB [33722601472 / 34359738368 / 32], which maps to Largest [LargestMinGB=32, LargerMinGB=12, DefaultMinGB=8, SmallerMinGB=6, SmallestMinGB=0)
[2022.11.28-10.38.56:897][  0]LogInit: Going up to parent DeviceProfile []
[2022.11.28-10.38.56:897][  0]LogConfig: Applying CVar settings from Section [ViewDistanceQuality@3] File [C:/Users/olive/Documents/GitHub/Unrealengine-course/Unrealcourse/Saved/Config/Windows/Scalability.ini]
[2022.11.28-10.38.56:897][  0]LogConfig: Setting CVar [[r.SkeletalMeshLODBias:0]]
[2022.11.28-10.38.56:897][  0]LogConfig: Setting CVar [[r.ViewDistanceScale:1.0]]
[2022.11.28-10.38.56:897][  0]LogConfig: Applying CVar settings from Section [AntiAliasingQuality@3] File [C:/Users/olive/Documents/GitHub/Unrealengine-course/Unrealcourse/Saved/Config/Windows/Scalability.ini]
[2022.11.28-10.38.56:897][  0]LogConfig: Setting CVar [[r.PostProcessAAQuality:4]]
[2022.11.28-10.38.56:897][  0]LogConfig: Applying CVar settings from Section [ShadowQuality@3] File [C:/Users/olive/Documents/GitHub/Unrealengine-course/Unrealcourse/Saved/Config/Windows/Scalability.ini]
[2022.11.28-10.38.56:897][  0]LogConfig: Setting CVar [[r.LightFunctionQuality:1]]
[2022.11.28-10.38.56:897][  0]LogConfig: Setting CVar [[r.ShadowQuality:5]]
[2022.11.28-10.38.56:897][  0]LogConfig: Setting CVar [[r.Shadow.CSM.MaxCascades:10]]
[2022.11.28-10.38.56:897][  0]LogConfig: Setting CVar [[r.Shadow.MaxResolution:2048]]
[2022.11.28-10.38.56:897][  0]LogConfig: Setting CVar [[r.Shadow.MaxCSMResolution:2048]]
[2022.11.28-10.38.56:897][  0]LogConfig: Setting CVar [[r.Shadow.RadiusThreshold:0.01]]
[2022.11.28-10.38.56:897][  0]LogConfig: Setting CVar [[r.Shadow.DistanceScale:1.0]]
[2022.11.28-10.38.56:897][  0]LogConfig: Setting CVar [[r.Shadow.CSM.TransitionScale:1.0]]
[2022.11.28-10.38.56:897][  0]LogConfig: Setting CVar [[r.Shadow.PreShadowResolutionFactor:1.0]]
[2022.11.28-10.38.56:897][  0]LogConfig: Setting CVar [[r.DistanceFieldShadowing:1]]
[2022.11.28-10.38.56:897][  0]LogConfig: Setting CVar [[r.DistanceFieldAO:1]]
[2022.11.28-10.38.56:897][  0]LogConfig: Setting CVar [[r.AOQuality:2]]
[2022.11.28-10.38.56:897][  0]LogConfig: Setting CVar [[r.VolumetricFog:1]]
[2022.11.28-10.38.56:897][  0]LogConfig: Setting CVar [[r.VolumetricFog.GridPixelSize:8]]
[2022.11.28-10.38.56:897][  0]LogConfig: Setting CVar [[r.VolumetricFog.GridSizeZ:128]]
[2022.11.28-10.38.56:897][  0]LogConfig: Setting CVar [[r.VolumetricFog.HistoryMissSupersampleCount:4]]
[2022.11.28-10.38.56:897][  0]LogConfig: Setting CVar [[r.LightMaxDrawDistanceScale:1]]
[2022.11.28-10.38.56:897][  0]LogConfig: Setting CVar [[r.CapsuleShadows:1]]
[2022.11.28-10.38.56:897][  0]LogConfig: Applying CVar settings from Section [PostProcessQuality@3] File [C:/Users/olive/Documents/GitHub/Unrealengine-course/Unrealcourse/Saved/Config/Windows/Scalability.ini]
[2022.11.28-10.38.56:897][  0]LogConfig: Setting CVar [[r.MotionBlurQuality:4]]
[2022.11.28-10.38.56:897][  0]LogConfig: Setting CVar [[r.AmbientOcclusionMipLevelFactor:0.4]]
[2022.11.28-10.38.56:897][  0]LogConfig: Setting CVar [[r.AmbientOcclusionMaxQuality:100]]
[2022.11.28-10.38.56:897][  0]LogConfig: Setting CVar [[r.AmbientOcclusionLevels:-1]]
[2022.11.28-10.38.56:897][  0]LogConfig: Setting CVar [[r.AmbientOcclusionRadiusScale:1.0]]
[2022.11.28-10.38.56:897][  0]LogConfig: Setting CVar [[r.DepthOfFieldQuality:2]]
[2022.11.28-10.38.56:897][  0]LogConfig: Setting CVar [[r.RenderTargetPoolMin:400]]
[2022.11.28-10.38.56:897][  0]LogConfig: Setting CVar [[r.LensFlareQuality:2]]
[2022.11.28-10.38.56:897][  0]LogConfig: Setting CVar [[r.SceneColorFringeQuality:1]]
[2022.11.28-10.38.56:898][  0]LogConfig: Setting CVar [[r.EyeAdaptationQuality:2]]
[2022.11.28-10.38.56:898][  0]LogConfig: Setting CVar [[r.BloomQuality:5]]
[2022.11.28-10.38.56:898][  0]LogConfig: Setting CVar [[r.FastBlurThreshold:100]]
[2022.11.28-10.38.56:898][  0]LogConfig: Setting CVar [[r.Upscale.Quality:3]]
[2022.11.28-10.38.56:898][  0]LogConfig: Setting CVar [[r.Tonemapper.GrainQuantization:1]]
[2022.11.28-10.38.56:898][  0]LogConfig: Setting CVar [[r.LightShaftQuality:1]]
[2022.11.28-10.38.56:898][  0]LogConfig: Setting CVar [[r.Filter.SizeScale:1]]
[2022.11.28-10.38.56:898][  0]LogConfig: Setting CVar [[r.Tonemapper.Quality:5]]
[2022.11.28-10.38.56:898][  0]LogConfig: Setting CVar [[r.DOF.Gather.AccumulatorQuality:1        ; higher gathering accumulator quality]]
[2022.11.28-10.38.56:898][  0]LogConfig: Setting CVar [[r.DOF.Gather.PostfilterMethod:1          ; Median3x3 postfilering method]]
[2022.11.28-10.38.56:898][  0]LogConfig: Setting CVar [[r.DOF.Gather.EnableBokehSettings:0       ; no bokeh simulation when gathering]]
[2022.11.28-10.38.56:898][  0]LogConfig: Setting CVar [[r.DOF.Gather.RingCount:4                 ; medium number of samples when gathering]]
[2022.11.28-10.38.56:898][  0]LogConfig: Setting CVar [[r.DOF.Scatter.ForegroundCompositing:1    ; additive foreground scattering]]
[2022.11.28-10.38.56:898][  0]LogConfig: Setting CVar [[r.DOF.Scatter.BackgroundCompositing:2    ; additive background scattering]]
[2022.11.28-10.38.56:898][  0]LogConfig: Setting CVar [[r.DOF.Scatter.EnableBokehSettings:1      ; bokeh simulation when scattering]]
[2022.11.28-10.38.56:898][  0]LogConfig: Setting CVar [[r.DOF.Scatter.MaxSpriteRatio:0.1         ; only a maximum of 10% of scattered bokeh]]
[2022.11.28-10.38.56:898][  0]LogConfig: Setting CVar [[r.DOF.Recombine.Quality:1                ; cheap slight out of focus]]
[2022.11.28-10.38.56:898][  0]LogConfig: Setting CVar [[r.DOF.Recombine.EnableBokehSettings:0    ; no bokeh simulation on slight out of focus]]
[2022.11.28-10.38.56:898][  0]LogConfig: Setting CVar [[r.DOF.TemporalAAQuality:1                ; more stable temporal accumulation]]
[2022.11.28-10.38.56:898][  0]LogConfig: Setting CVar [[r.DOF.Kernel.MaxForegroundRadius:0.025]]
[2022.11.28-10.38.56:898][  0]LogConfig: Setting CVar [[r.DOF.Kernel.MaxBackgroundRadius:0.025]]
[2022.11.28-10.38.56:898][  0]LogConfig: Applying CVar settings from Section [TextureQuality@3] File [C:/Users/olive/Documents/GitHub/Unrealengine-course/Unrealcourse/Saved/Config/Windows/Scalability.ini]
[2022.11.28-10.38.56:898][  0]LogConfig: Setting CVar [[r.Streaming.MipBias:0]]
[2022.11.28-10.38.56:898][  0]LogConfig: Setting CVar [[r.Streaming.AmortizeCPUToGPUCopy:0]]
[2022.11.28-10.38.56:898][  0]LogConfig: Setting CVar [[r.Streaming.MaxNumTexturesToStreamPerFrame:0]]
[2022.11.28-10.38.56:898][  0]LogConfig: Setting CVar [[r.Streaming.Boost:1]]
[2022.11.28-10.38.56:898][  0]LogConfig: Setting CVar [[r.MaxAnisotropy:8]]
[2022.11.28-10.38.56:898][  0]LogConfig: Setting CVar [[r.VT.MaxAnisotropy:8]]
[2022.11.28-10.38.56:898][  0]LogConfig: Setting CVar [[r.Streaming.LimitPoolSizeToVRAM:0]]
[2022.11.28-10.38.56:898][  0]LogConfig: Setting CVar [[r.Streaming.PoolSize:1000]]
[2022.11.28-10.38.56:898][  0]LogConfig: Setting CVar [[r.Streaming.MaxEffectiveScreenSize:0]]
[2022.11.28-10.38.56:898][  0]LogConfig: Applying CVar settings from Section [EffectsQuality@3] File [C:/Users/olive/Documents/GitHub/Unrealengine-course/Unrealcourse/Saved/Config/Windows/Scalability.ini]
[2022.11.28-10.38.56:898][  0]LogConfig: Setting CVar [[r.TranslucencyLightingVolumeDim:64]]
[2022.11.28-10.38.56:898][  0]LogConfig: Setting CVar [[r.RefractionQuality:2]]
[2022.11.28-10.38.56:898][  0]LogConfig: Setting CVar [[r.SSR.Quality:3]]
[2022.11.28-10.38.56:898][  0]LogConfig: Setting CVar [[r.SSR.HalfResSceneColor:0]]
[2022.11.28-10.38.56:898][  0]LogConfig: Setting CVar [[r.SceneColorFormat:4]]
[2022.11.28-10.38.56:898][  0]LogConfig: Setting CVar [[r.DetailMode:2]]
[2022.11.28-10.38.56:898][  0]LogConfig: Setting CVar [[r.TranslucencyVolumeBlur:1]]
[2022.11.28-10.38.56:898][  0]LogConfig: Setting CVar [[r.MaterialQualityLevel:1 ; High quality]]
[2022.11.28-10.38.56:898][  0]LogConfig: Setting CVar [[r.AnisotropicMaterials:1]]
[2022.11.28-10.38.56:898][  0]LogConfig: Setting CVar [[r.SSS.Scale:1]]
[2022.11.28-10.38.56:898][  0]LogConfig: Setting CVar [[r.SSS.SampleSet:2]]
[2022.11.28-10.38.56:898][  0]LogConfig: Setting CVar [[r.SSS.Quality:1]]
[2022.11.28-10.38.56:898][  0]LogConfig: Setting CVar [[r.SSS.HalfRes:0]]
[2022.11.28-10.38.56:898][  0]LogConfig: Setting CVar [[r.SSGI.Quality:3]]
[2022.11.28-10.38.56:898][  0]LogConfig: Setting CVar [[r.EmitterSpawnRateScale:1.0]]
[2022.11.28-10.38.56:898][  0]LogConfig: Setting CVar [[r.ParticleLightQuality:2]]
[2022.11.28-10.38.56:898][  0]LogConfig: Setting CVar [[r.SkyAtmosphere.AerialPerspectiveLUT.FastApplyOnOpaque:1 ; Always have FastSkyLUT 1 in this case to avoid wrong sky]]
[2022.11.28-10.38.56:898][  0]LogConfig: Setting CVar [[r.SkyAtmosphere.AerialPerspectiveLUT.SampleCountMaxPerSlice:4]]
[2022.11.28-10.38.56:898][  0]LogConfig: Setting CVar [[r.SkyAtmosphere.AerialPerspectiveLUT.DepthResolution:16.0]]
[2022.11.28-10.38.56:898][  0]LogConfig: Setting CVar [[r.SkyAtmosphere.FastSkyLUT:1]]
[2022.11.28-10.38.56:898][  0]LogConfig: Setting CVar [[r.SkyAtmosphere.FastSkyLUT.SampleCountMin:4.0]]
[2022.11.28-10.38.56:898][  0]LogConfig: Setting CVar [[r.SkyAtmosphere.FastSkyLUT.SampleCountMax:128.0]]
[2022.11.28-10.38.56:898][  0]LogConfig: Setting CVar [[r.SkyAtmosphere.SampleCountMin:4.0]]
[2022.11.28-10.38.56:898][  0]LogConfig: Setting CVar [[r.SkyAtmosphere.SampleCountMax:128.0]]
[2022.11.28-10.38.56:898][  0]LogConfig: Setting CVar [[r.SkyAtmosphere.TransmittanceLUT.UseSmallFormat:0]]
[2022.11.28-10.38.56:898][  0]LogConfig: Setting CVar [[r.SkyAtmosphere.TransmittanceLUT.SampleCount:10.0]]
[2022.11.28-10.38.56:898][  0]LogConfig: Setting CVar [[r.SkyAtmosphere.MultiScatteringLUT.SampleCount:15.0]]
[2022.11.28-10.38.56:898][  0]LogConfig: Setting CVar [[r.SkyLight.RealTimeReflectionCapture:1]]
[2022.11.28-10.38.56:898][  0]LogConfig: Applying CVar settings from Section [FoliageQuality@3] File [C:/Users/olive/Documents/GitHub/Unrealengine-course/Unrealcourse/Saved/Config/Windows/Scalability.ini]
[2022.11.28-10.38.56:898][  0]LogConfig: Setting CVar [[foliage.DensityScale:1.0]]
[2022.11.28-10.38.56:898][  0]LogConfig: Setting CVar [[grass.DensityScale:1.0]]
[2022.11.28-10.38.56:898][  0]LogConfig: Applying CVar settings from Section [ShadingQuality@3] File [C:/Users/olive/Documents/GitHub/Unrealengine-course/Unrealcourse/Saved/Config/Windows/Scalability.ini]
[2022.11.28-10.38.56:898][  0]LogConfig: Setting CVar [[r.HairStrands.SkyLighting.IntegrationType:2]]
[2022.11.28-10.38.56:898][  0]LogConfig: Setting CVar [[r.HairStrands.SkyAO.SampleCount:4]]
[2022.11.28-10.38.56:898][  0]LogConfig: Setting CVar [[r.HairStrands.Visibility.MSAA.SamplePerPixel:4]]
[2022.11.28-10.38.56:898][  0]LogConfig: Applying CVar settings from Section [Startup] File [../../../Engine/Config/ConsoleVariables.ini]
[2022.11.28-10.38.56:898][  0]LogConfig: Setting CVar [[net.UseAdaptiveNetUpdateFrequency:0]]
[2022.11.28-10.38.56:899][  0]LogConfig: Setting CVar [[p.chaos.AllowCreatePhysxBodies:1]]
[2022.11.28-10.38.56:899][  0]LogConfig: Setting CVar [[fx.SkipVectorVMBackendOptimizations:1]]
[2022.11.28-10.38.56:899][  0]LogConfig: Applying CVar settings from Section [ConsoleVariables] File [C:/Users/olive/Documents/GitHub/Unrealengine-course/Unrealcourse/Saved/Config/Windows/Engine.ini]
[2022.11.28-10.38.56:899][  0]LogConfig: Applying CVar settings from Section [ConsoleVariables] File [C:/Users/olive/Documents/GitHub/Unrealengine-course/Unrealcourse/Saved/Config/Windows/Editor.ini]
[2022.11.28-10.38.56:899][  0]LogInit: Computer: LAPTOP-URP5ID1V
[2022.11.28-10.38.56:899][  0]LogInit: User: olive
[2022.11.28-10.38.56:899][  0]LogInit: CPU Page size=4096, Cores=8
[2022.11.28-10.38.56:899][  0]LogInit: High frequency timer resolution =10.000000 MHz
[2022.11.28-10.38.56:899][  0]LogMemory: Memory total: Physical=31.4GB (32GB approx)
[2022.11.28-10.38.56:899][  0]LogMemory: Platform Memory Stats for Windows
[2022.11.28-10.38.56:899][  0]LogMemory: Process Physical Memory: 146.48 MB used, 146.49 MB peak
[2022.11.28-10.38.56:899][  0]LogMemory: Process Virtual Memory: 121.21 MB used, 121.21 MB peak
[2022.11.28-10.38.56:899][  0]LogMemory: Physical Memory: 17874.62 MB used,  14285.76 MB free, 32160.38 MB total
[2022.11.28-10.38.56:899][  0]LogMemory: Virtual Memory: 134202152.00 MB used,  15571.88 MB free, 134217728.00 MB total
[2022.11.28-10.38.56:903][  0]LogWindows: WindowsPlatformFeatures enabled
[2022.11.28-10.38.56:939][  0]LogInit: Physics initialised using underlying interface: PhysX
[2022.11.28-10.38.56:939][  0]LogInit: Using OS detected language (en-GB).
[2022.11.28-10.38.56:939][  0]LogInit: Using OS detected locale (en-SE).
[2022.11.28-10.38.56:942][  0]LogTextLocalizationManager: No specific localization for 'en-GB' exists, so the 'en' localization will be used.
[2022.11.28-10.38.57:094][  0]LogInit: Setting process to per monitor DPI aware
[2022.11.28-10.38.57:106][  0]LogWindowsTextInputMethodSystem: Display: IME system deactivated.
[2022.11.28-10.38.57:121][  0]LogSlate: New Slate User Created.  User Index 0, Is Virtual User: 0
[2022.11.28-10.38.57:121][  0]LogSlate: Slate User Registered.  User Index 0, Is Virtual User: 0
[2022.11.28-10.38.57:244][  0]LogD3D11RHI: Loaded GFSDK_Aftermath_Lib.x64.dll
[2022.11.28-10.38.57:270][  0]LogHMD: Failed to initialize OpenVR with code 110
[2022.11.28-10.38.57:270][  0]LogD3D11RHI: D3D11 min allowed feature level: 11_0
[2022.11.28-10.38.57:270][  0]LogD3D11RHI: D3D11 max allowed feature level: 11_0
[2022.11.28-10.38.57:270][  0]LogD3D11RHI: D3D11 adapters:
[2022.11.28-10.38.57:363][  0]LogD3D11RHI:    0. 'NVIDIA GeForce RTX 3080 Laptop GPU' (Feature Level 11_0)
[2022.11.28-10.38.57:363][  0]LogD3D11RHI:       8031/0/16080 MB DedicatedVideo/DedicatedSystem/SharedSystem, Outputs:1, VendorId:0x10de
[2022.11.28-10.38.57:410][  0]LogD3D11RHI:    1. 'AMD Radeon(TM) Graphics' (Feature Level 11_0)
[2022.11.28-10.38.57:410][  0]LogD3D11RHI:       496/0/16080 MB DedicatedVideo/DedicatedSystem/SharedSystem, Outputs:0, VendorId:0x1002
[2022.11.28-10.38.57:412][  0]LogD3D11RHI:    2. 'Microsoft Basic Render Driver' (Feature Level 11_0)
[2022.11.28-10.38.57:412][  0]LogD3D11RHI:       0/0/16080 MB DedicatedVideo/DedicatedSystem/SharedSystem, Outputs:0, VendorId:0x1414
[2022.11.28-10.38.57:412][  0]LogD3D11RHI: Chosen D3D11 Adapter:
[2022.11.28-10.38.57:412][  0]LogD3D11RHI:     Description : NVIDIA GeForce RTX 3080 Laptop GPU
[2022.11.28-10.38.57:412][  0]LogD3D11RHI:     VendorId    : 10de
[2022.11.28-10.38.57:412][  0]LogD3D11RHI:     DeviceId    : 249c
[2022.11.28-10.38.57:412][  0]LogD3D11RHI:     SubSysId    : 16221043
[2022.11.28-10.38.57:412][  0]LogD3D11RHI:     Revision    : 00a1
[2022.11.28-10.38.57:412][  0]LogD3D11RHI:     DedicatedVideoMemory : 8421113856 bytes
[2022.11.28-10.38.57:412][  0]LogD3D11RHI:     DedicatedSystemMemory : 0 bytes
[2022.11.28-10.38.57:412][  0]LogD3D11RHI:     SharedSystemMemory : 16861300736 bytes
[2022.11.28-10.38.57:412][  0]LogD3D11RHI:     AdapterLuid : 0 67277
[2022.11.28-10.38.57:420][  0]LogD3D11RHI: Creating new Direct3DDevice
[2022.11.28-10.38.57:420][  0]LogD3D11RHI:     GPU DeviceId: 0x249c (for the marketing name, search the web for "GPU Device Id")
[2022.11.28-10.38.57:420][  0]LogWindows: EnumDisplayDevices:
[2022.11.28-10.38.57:420][  0]LogWindows:    0. 'AMD Radeon(TM) Graphics' (P:1 D:1)
[2022.11.28-10.38.57:421][  0]LogWindows:    1. 'AMD Radeon(TM) Graphics' (P:0 D:0)
[2022.11.28-10.38.57:421][  0]LogWindows:    2. 'AMD Radeon(TM) Graphics' (P:0 D:0)
[2022.11.28-10.38.57:421][  0]LogWindows:    3. 'NVIDIA GeForce RTX 3080 Laptop GPU' (P:0 D:0)
[2022.11.28-10.38.57:421][  0]LogWindows:    4. 'NVIDIA GeForce RTX 3080 Laptop GPU' (P:0 D:0)
[2022.11.28-10.38.57:422][  0]LogWindows:    5. 'NVIDIA GeForce RTX 3080 Laptop GPU' (P:0 D:0)
[2022.11.28-10.38.57:422][  0]LogWindows:    6. 'NVIDIA GeForce RTX 3080 Laptop GPU' (P:0 D:0)
[2022.11.28-10.38.57:422][  0]LogWindows: DebugString: PrimaryIsNotTheChoosenAdapter PrimaryIsNotTheChoosenAdapter PrimaryIsNotTheChoosenAdapter FoundDriverCount:4 
[2022.11.28-10.38.57:422][  0]LogD3D11RHI:     Adapter Name: NVIDIA GeForce RTX 3080 Laptop GPU
[2022.11.28-10.38.57:422][  0]LogD3D11RHI:   Driver Version: 526.86 (internal:31.0.15.2686, unified:526.86)
[2022.11.28-10.38.57:422][  0]LogD3D11RHI:      Driver Date: 11-8-2022
[2022.11.28-10.38.57:422][  0]LogRHI: Texture pool is 5621 MB (70% of 8031 MB)
[2022.11.28-10.38.57:422][  0]LogD3D11RHI: Creating D3DDevice using adapter:
[2022.11.28-10.38.57:422][  0]LogD3D11RHI:     Description : NVIDIA GeForce RTX 3080 Laptop GPU
[2022.11.28-10.38.57:422][  0]LogD3D11RHI:     VendorId    : 10de
[2022.11.28-10.38.57:422][  0]LogD3D11RHI:     DeviceId    : 249c
[2022.11.28-10.38.57:422][  0]LogD3D11RHI:     SubSysId    : 16221043
[2022.11.28-10.38.57:422][  0]LogD3D11RHI:     Revision    : 00a1
[2022.11.28-10.38.57:422][  0]LogD3D11RHI:     DedicatedVideoMemory : 8421113856 bytes
[2022.11.28-10.38.57:422][  0]LogD3D11RHI:     DedicatedSystemMemory : 0 bytes
[2022.11.28-10.38.57:422][  0]LogD3D11RHI:     SharedSystemMemory : 16861300736 bytes
[2022.11.28-10.38.57:422][  0]LogD3D11RHI:     AdapterLuid : 0 67277
[2022.11.28-10.38.57:476][  0]LogD3D11RHI: RHI has support for 64 bit atomics
[2022.11.28-10.38.57:476][  0]LogD3D11RHI: Async texture creation enabled
[2022.11.28-10.38.57:476][  0]LogD3D11RHI: Array index from any shader is supported
[2022.11.28-10.38.57:495][  0]LogD3D11RHI: GPU Timing Frequency: 1000.000000 (Debug: 2 1)
[2022.11.28-10.38.57:526][  0]LogRHI: GeForceNow SDK initialized: 1
[2022.11.28-10.38.57:765][  0]LogTargetPlatformManager: Display: Loaded TargetPlatform 'AllDesktop'
[2022.11.28-10.38.57:786][  0]LogTargetPlatformManager: Display: Loaded TargetPlatform 'Android'
[2022.11.28-10.38.57:786][  0]LogTargetPlatformManager: Display: Loaded TargetPlatform 'Android_ASTC'
[2022.11.28-10.38.57:786][  0]LogTargetPlatformManager: Display: Loaded TargetPlatform 'Android_DXT'
[2022.11.28-10.38.57:786][  0]LogTargetPlatformManager: Display: Loaded TargetPlatform 'Android_ETC2'
[2022.11.28-10.38.57:786][  0]LogTargetPlatformManager: Display: Loaded TargetPlatform 'AndroidClient'
[2022.11.28-10.38.57:786][  0]LogTargetPlatformManager: Display: Loaded TargetPlatform 'Android_ASTCClient'
[2022.11.28-10.38.57:786][  0]LogTargetPlatformManager: Display: Loaded TargetPlatform 'Android_DXTClient'
[2022.11.28-10.38.57:786][  0]LogTargetPlatformManager: Display: Loaded TargetPlatform 'Android_ETC2Client'
[2022.11.28-10.38.57:786][  0]LogTargetPlatformManager: Display: Loaded TargetPlatform 'Android_Multi'
[2022.11.28-10.38.57:786][  0]LogTargetPlatformManager: Display: Loaded TargetPlatform 'Android_MultiClient'
[2022.11.28-10.38.57:802][  0]LogTargetPlatformManager: Display: Loaded TargetPlatform 'IOSClient'
[2022.11.28-10.38.57:802][  0]LogTargetPlatformManager: Display: Loaded TargetPlatform 'IOS'
[2022.11.28-10.38.57:810][  0]LogTargetPlatformManager: Display: Loaded TargetPlatform 'Linux'
[2022.11.28-10.38.57:814][  0]LogTargetPlatformManager: Display: Loaded TargetPlatform 'LinuxNoEditor'
[2022.11.28-10.38.57:818][  0]LogTargetPlatformManager: Display: Loaded TargetPlatform 'LinuxClient'
[2022.11.28-10.38.57:821][  0]LogTargetPlatformManager: Display: Loaded TargetPlatform 'LinuxServer'
[2022.11.28-10.38.57:829][  0]LogTargetPlatformManager: Display: Loaded TargetPlatform 'LinuxAArch64NoEditor'
[2022.11.28-10.38.57:833][  0]LogTargetPlatformManager: Display: Loaded TargetPlatform 'LinuxAArch64Client'
[2022.11.28-10.38.57:837][  0]LogTargetPlatformManager: Display: Loaded TargetPlatform 'LinuxAArch64Server'
[2022.11.28-10.38.57:857][  0]LogTargetPlatformManager: Display: Loaded TargetPlatform 'Lumin'
[2022.11.28-10.38.57:857][  0]LogTargetPlatformManager: Display: Loaded TargetPlatform 'LuminClient'
[2022.11.28-10.38.57:863][  0]LogTargetPlatformManager: Display: Loaded TargetPlatform 'MacNoEditor'
[2022.11.28-10.38.57:866][  0]LogTargetPlatformManager: Display: Loaded TargetPlatform 'Mac'
[2022.11.28-10.38.57:870][  0]LogTargetPlatformManager: Display: Loaded TargetPlatform 'MacClient'
[2022.11.28-10.38.57:874][  0]LogTargetPlatformManager: Display: Loaded TargetPlatform 'MacServer'
[2022.11.28-10.38.57:882][  0]LogTargetPlatformManager: Display: Loaded TargetPlatform 'TVOSClient'
[2022.11.28-10.38.57:882][  0]LogTargetPlatformManager: Display: Loaded TargetPlatform 'TVOS'
[2022.11.28-10.38.57:890][  0]LogTargetPlatformManager: Display: Loaded TargetPlatform 'WindowsNoEditor'
[2022.11.28-10.38.57:894][  0]LogTargetPlatformManager: Display: Loaded TargetPlatform 'Windows'
[2022.11.28-10.38.57:897][  0]LogTargetPlatformManager: Display: Loaded TargetPlatform 'WindowsClient'
[2022.11.28-10.38.57:901][  0]LogTargetPlatformManager: Display: Loaded TargetPlatform 'WindowsServer'
[2022.11.28-10.38.57:901][  0]LogTargetPlatformManager: Display: Building Assets For Windows
[2022.11.28-10.38.57:906][  0]LogAudioDebug: Display: Lib vorbis DLL was dynamically loaded.
[2022.11.28-10.38.57:933][  0]LogTextureFormatOodle: Display: Oodle Texture 2.9.0 init RDO Off
[2022.11.28-10.38.57:958][  0]LogRendererCore: Ray tracing is disabled. Reason: r.RayTracing=0.
[2022.11.28-10.38.57:958][  0]LogShaderCompilers: Guid format shader working directory is -33 characters bigger than the processId version (../../../../../../Users/olive/Documents/GitHub/Unrealengine-course/Unrealcourse/Intermediate/Shaders/WorkingDirectory/1684/).
[2022.11.28-10.38.57:958][  0]LogShaderCompilers: Cleaned the shader compiler working directory 'C:/Users/olive/AppData/Local/Temp/UnrealShaderWorkingDir/FE5A35A047F372BD4DE9FBABF8F17BE4/'.
[2022.11.28-10.38.57:958][  0]LogXGEController: Cannot use XGE Controller as Incredibuild is not installed on this machine.
[2022.11.28-10.38.57:958][  0]LogShaderCompilers: Cannot use XGE Shader Compiler as Incredibuild is not installed on this machine.
[2022.11.28-10.38.57:958][  0]LogShaderCompilers: Display: Using Local Shader Compiler.
[2022.11.28-10.38.58:543][  0]LogDerivedDataCache: Display: Max Cache Size: 512 MB
[2022.11.28-10.38.58:586][  0]LogDerivedDataCache: Loaded boot cache 0.04s 94MB C:/Users/olive/AppData/Local/UnrealEngine/4.27/DerivedDataCache/Boot.ddc.
[2022.11.28-10.38.58:586][  0]LogDerivedDataCache: Display: Loaded Boot cache: C:/Users/olive/AppData/Local/UnrealEngine/4.27/DerivedDataCache/Boot.ddc
[2022.11.28-10.38.58:586][  0]LogDerivedDataCache: FDerivedDataBackendGraph:  Pak pak cache file ../../../../../../Users/olive/Documents/GitHub/Unrealengine-course/Unrealcourse/DerivedDataCache/DDC.ddp not found, will not use a pak cache.
[2022.11.28-10.38.58:586][  0]LogDerivedDataCache: Unable to find inner node Pak for hierarchical cache Hierarchy.
[2022.11.28-10.38.58:587][  0]LogDerivedDataCache: FDerivedDataBackendGraph:  CompressedPak pak cache file ../../../../../../Users/olive/Documents/GitHub/Unrealengine-course/Unrealcourse/DerivedDataCache/Compressed.ddp not found, will not use a pak cache.
[2022.11.28-10.38.58:587][  0]LogDerivedDataCache: Unable to find inner node CompressedPak for hierarchical cache Hierarchy.
[2022.11.28-10.38.58:602][  0]LogDerivedDataCache: Display: Pak cache opened for reading ../../../Engine/DerivedDataCache/Compressed.ddp.
[2022.11.28-10.38.58:602][  0]LogDerivedDataCache: FDerivedDataBackendGraph:  EnterprisePak pak cache file ../../../Enterprise/DerivedDataCache/Compressed.ddp not found, will not use a pak cache.
[2022.11.28-10.38.58:602][  0]LogDerivedDataCache: Unable to find inner node EnterprisePak for hierarchical cache Hierarchy.
[2022.11.28-10.38.58:608][  0]LogDerivedDataCache: Speed tests for C:/Users/olive/AppData/Local/UnrealEngine/Common/DerivedDataCache took 0.01 seconds
[2022.11.28-10.38.58:608][  0]LogDerivedDataCache: Display: Performance to C:/Users/olive/AppData/Local/UnrealEngine/Common/DerivedDataCache: Latency=0.03ms. RandomReadSpeed=1197.43MBs, RandomWriteSpeed=232.79MBs. Assigned SpeedClass 'Local'
[2022.11.28-10.38.58:609][  0]LogDerivedDataCache: Using Local data cache path C:/Users/olive/AppData/Local/UnrealEngine/Common/DerivedDataCache: Writable
[2022.11.28-10.38.58:609][  0]LogDerivedDataCache: Shared data cache path not found in *engine.ini, will not use an Shared cache.
[2022.11.28-10.38.58:609][  0]LogDerivedDataCache: Unable to find inner node Shared for hierarchical cache Hierarchy.
[2022.11.28-10.38.58:645][  0]LogSlate: Using FreeType 2.10.0
[2022.11.28-10.38.58:645][  0]LogSlate: SlateFontServices - WITH_FREETYPE: 1, WITH_HARFBUZZ: 1
[2022.11.28-10.38.58:663][  0]LogAssetRegistry: FAssetRegistry took 0.0023 seconds to start up
[2022.11.28-10.38.58:865][  0]LogInit: Selected Device Profile: [Windows]
[2022.11.28-10.38.58:866][  0]LogInit: Active device profile: [000001A3B22BB300][000001A3B2CCB100 49] Windows
[2022.11.28-10.38.58:866][  0]LogInit: Profiles: [000001A3B22BB300][000001A3B2CCB100 49] Windows, [000001A3B2270F00][000001A3A9E89280 49] WindowsNoEditor, [000001A3B22B8F00][000001A3A9E8D400 49] WindowsServer, [000001A3B2272C00][000001A3A9E91580 49] WindowsClient, [000001A3B22BAB00][000001A3A9EA9700 49] IOS, [000001A3B2271700][000001A3B2B77880 49] iPadAir, [000001A3B22B9600][000001A3B2B7BA00 49] iPadAir2, [000001A3B21F3C00][000001A3B2B82140 49] IPadPro, [000001A3B21F3D00][000001A3B2B7E180 49] iPadAir3, [000001A3B22BA600][000001A3B2B8A300 49] iPadAir4, [000001A3B21F1400][000001A3B2B8E480 49] iPadMini2, [000001A3B22B9A00][000001A3B2B92600 49] iPadMini3, [000001A3B21F2600][000001A3AE390780 49] iPadMini4, [000001A3B22B8900][000001A3AE394900 49] iPadMini5, [000001A3B222F500][000001A3AE398B40 49] iPhone6, [000001A3B222F600][000001A3A9E84B80 49] iPodTouch6, [000001A3B21F0300][000001A3B2B86DC0 49] iPhone7, [000001A3B21F0200][000001A3AE39CE00 49] iPodTouch7, [000001A3B222D300][000001A3AE3ACF80 49] iPhone5S, [000001A3B21F3F00][000001A3B2BB1100 49] iPhone6Plus, [000001A3B222E700][000001A3B2BB5280 49] iPhone6S, [000001A3B21F1000][000001A3B2BB9400 49] iPhone6SPlus, [000001A3B222DA00][000001A3B308F580 49] iPhone7Plus, [000001A3B21F2000][000001A3B3093700 49] iPhoneSE, [000001A3B222F900][000001A3B08BD880 49] iPhone8, [000001A3B21F3200][000001A3AA2B9A00 49] iPhone8Plus, [000001A3B222F300][000001A3AA2BDB80 49] iPhoneX, [000001A3B21F3B00][000001A3AF42C180 49] iPhoneXS, [000001A3B222D600][000001A3AF430300 49] iPhoneXSMax, [000001A3B21F2400][000001A3AF434480 49] iPhoneXR, [000001A3B222D000][000001A3AF438600 49] iPhone11, [000001A3B21F0F00][000001A3AF43C780 49] iPhone11Pro, [000001A3B222D900][000001A3AF440900 49] iPhone11ProMax, [000001A3B21F3A00][000001A3AF444A80 49] iPhoneSE2, [000001A3B222E900][000001A3B2B96BC0 49] iPhone12Mini, [000001A3B21F1C00][000001A3AF448D00 49] iPhone12, [000001A3B222F700][000001A3AF44CE40 49] iPhone12Pro, [000001A3B21F2200][000001A3AF450F80 49] iPhone12ProMax, [000001A3B222F800][000001A3B2B37100 49] iPadPro105, [000001A3B21F2900][000001A3B2B3B280 49] iPadPro129, [000001A3B222D200][000001A3B2B3F400 49] iPadPro97, [000001A3B21F2E00][000001A3B2B43580 49] iPadPro2_129, [000001A3B222CF00][000001A3B2B47700 49] iPad5, [000001A3B21F2F00][000001A3B2B4B880 49] iPad6, [000001A3B222C300][000001A3B2B4FA00 49] iPad7, [000001A3B21F3600][000001A3B2B53B80 49] iPad8, [000001A3B222FF00][000001A3B2B56180 49] iPadPro11, [000001A3B21F0400][000001A3B2B5A300 49] iPadPro2_11, [000001A3B222C400][000001A3B2B5E480 49] iPadPro3_129, [000001A3B21F2700][000001A3B2B62600 49] iPadPro4_129, [000001A3B222FD00][000001A3B2B66780 49] AppleTV, [000001A3B21F0800][000001A3B2B6A900 49] AppleTV4K, [000001A3B222EE00][000001A3B3096A80 49] TVOS, [000001A3B21F1E00][000001A3B309AC00 49] Mac, [000001A3B222CA00][000001A3B2B32D40 49] MacClient, [000001A3B21F2B00][000001A3B309EE80 49] MacNoEditor, [000001A3B222ED00][000001A3B30A2FC0 49] MacServer, [000001A3B21F1600][000001A3B30A7100 49] Linux, [000001A3B2309300][000001A3B30AF280 49] LinuxAArch64, [000001A3B2273100][000001A3B30B3400 49] LinuxNoEditor, [000001A3B230A400][000001A3B30B7580 49] LinuxAArch64NoEditor, [000001A3B2272000][000001A3B30BB700 49] LinuxClient, [000001A3B2308F00][000001A3B30BF880 49] LinuxAArch64Client, [000001A3B2270400][000001A3B30C3A00 49] LinuxServer, [000001A3B2308C00][000001A3B30C7B80 49] LinuxAArch64Server, [000001A3B2273F00][000001A3B30CA180 49] Android, [000001A3B2309C00][000001A3B30CE300 49] Android_Low, [000001A3B2272B00][000001A3B30D2480 49] Android_Mid, [000001A3B2308B00][000001A3B30D6600 49] Android_High, [000001A3B2272400][000001A3B30DA780 49] Android_Default, [000001A3B2309800][000001A3B2A3C900 49] Android_Adreno4xx, [000001A3B2271C00][000001A3B2A40A80 49] Android_Adreno5xx_Low, [000001A3B2308800][000001A3B2A44C00 49] Android_Adreno5xx, [000001A3B2272D00][000001A3B2A48D80 49] Android_Adreno6xx, [000001A3B21F1A00][000001A3B2A4CF00 49] Android_Adreno6xx_Vulkan, [000001A3B222C200][000001A3B30AB040 49] Android_Mali_T6xx, [000001A3B21F1900][000001A3B2A51180 49] Android_Mali_T7xx, [000001A3B222D500][000001A3B2A552C0 49] Android_Mali_T8xx, [000001A3B21F0500][000001A3B2A5D440 49] Android_Mali_G71, [000001A3B222CD00][000001A3B2A615C0 49] Android_Mali_G72, [000001A3B21F0D00][000001A3B2A65740 49] Android_Mali_G72_Vulkan, [000001A3B222E300][000001A3B2A698C0 49] Android_Mali_G76, [000001A3B21F1B00][000001A3B2A6DA40 49] Android_Mali_G76_Vulkan, [000001A3B222C100][000001A3B2A71BC0 49] Android_Mali_G77, [000001A3B21F3300][000001A3B2A741C0 49] Android_Mali_G77_Vulkan, [000001A3B222D700][000001A3B2A78340 49] Android_Mali_G78, [000001A3B21F1100][000001A3B2A7C4C0 49] Android_Mali_G78_Vulkan, [000001A3B222E000][000001A3B2A80640 49] Android_Mali_G710, [000001A3B21F2300][000001A3B2A847C0 49] Android_Mali_G710_Vulkan, [000001A3B222EA00][000001A3B2A88940 49] Android_Vulkan_SM5, [000001A3B21F2800][000001A3B2A8CAC0 49] Android_PowerVR_G6xxx, [000001A3B2309A00][000001A3B2A90C40 49] Android_PowerVR_GT7xxx, [000001A3B21F3700][000001A3B2A94DC0 49] Android_PowerVR_GE8xxx, [000001A3B2309400][000001A3B2A98F40 49] Android_PowerVR_GM9xxx, [000001A3B21F2D00][000001A3B2A9D0C0 49] Android_PowerVR_GM9xxx_Vulkan, [000001A3B2308D00][000001A3B2A59200 49] Android_TegraK1, [000001A3B21F0700][000001A3B2AA1340 49] Android_Unknown_Vulkan, [000001A3B2308100][000001A3B2AA5480 49] Lumin, [000001A3B21F1500][000001A3B2AA95C0 49] Lumin_Desktop, [000001A3B2309B00][000001A3B2AB1740 49] HoloLens, 
[2022.11.28-10.38.58:961][  0]LogMeshReduction: Using QuadricMeshReduction for automatic static mesh reduction
[2022.11.28-10.38.58:961][  0]LogMeshReduction: Using SimplygonMeshReduction for automatic skeletal mesh reduction
[2022.11.28-10.38.58:961][  0]LogMeshReduction: Using ProxyLODMeshReduction for automatic mesh merging
[2022.11.28-10.38.58:961][  0]LogMeshReduction: No distributed automatic mesh merging module available
[2022.11.28-10.38.58:961][  0]LogMeshMerging: No distributed automatic mesh merging module available
[2022.11.28-10.38.58:974][  0]LogNetVersion: Unrealcourse 1.0.0, NetCL: 17155196, EngineNetVer: 17, GameNetVer: 0 (Checksum: 3837986695)
[2022.11.28-10.38.59:270][  0]LogTexture: Default maximum texture size for cubemaps generated from long-lat sources has been changed from 512 to unlimited. In order to preserve old behaiour for '/Engine/MapTemplates/Sky/DaylightAmbientCubemap.DaylightAmbientCubemap', its maximum texture size has been explicitly set to 512.
[2022.11.28-10.38.59:311][  0]LogHMD: PokeAHoleMaterial loaded successfully
[2022.11.28-10.38.59:317][  0]LogUObjectArray: 17178 objects as part of root set at end of initial load.
[2022.11.28-10.38.59:317][  0]LogUObjectAllocator: 4302048 out of 0 bytes used by permanent object pool.
[2022.11.28-10.38.59:317][  0]LogUObjectArray: CloseDisregardForGC: 0/0 objects in disregard for GC pool
[2022.11.28-10.38.59:541][  0]LogNiagaraDebuggerClient: Niagara Debugger Client Initialized | Session: 235BE55E4A9A7E4D9240649AC1E78B3B | Instance: E1CE8F424A261647A419C988B8A67F71 (LAPTOP-URP5ID1V-1684).
[2022.11.28-10.38.59:640][  0]LogTcpMessaging: Initializing TcpMessaging bridge
[2022.11.28-10.38.59:644][  0]LogUdpMessaging: Initializing bridge on interface 0.0.0.0:0 to multicast group 230.0.0.1:6666.
[2022.11.28-10.38.59:654][  0]LogPython: Using Python 3.7.7
[2022.11.28-10.39.00:231][  0]SourceControl: Source control is disabled
[2022.11.28-10.39.00:231][  0]SourceControl: Source control is disabled
[2022.11.28-10.39.00:233][  0]SourceControl: Source control is disabled
[2022.11.28-10.39.00:236][  0]SourceControl: Source control is disabled
[2022.11.28-10.39.00:242][  0]SourceControl: Source control is disabled
[2022.11.28-10.39.00:257][  0]LogUProjectInfo: Found projects:
[2022.11.28-10.39.00:406][  0]LogOpenImageDenoise: OIDN starting up
[2022.11.28-10.39.00:418][  0]LogAndroidPermission: UAndroidPermissionCallbackProxy::GetInstance
[2022.11.28-10.39.00:432][  0]LogAudioCaptureCore: Display: No Audio Capture implementations found. Audio input will be silent.
[2022.11.28-10.39.00:433][  0]LogAudioCaptureCore: Display: No Audio Capture implementations found. Audio input will be silent.
[2022.11.28-10.39.00:532][  0]LogCollectionManager: Loaded 0 collections in 0.001396 seconds
[2022.11.28-10.39.00:553][  0]LogFileCache: Scanning file cache for directory 'C:/Users/olive/Documents/GitHub/Unrealengine-course/Unrealcourse/Saved/Collections/' took 0.00s
[2022.11.28-10.39.00:553][  0]LogFileCache: Scanning file cache for directory 'C:/Users/olive/Documents/GitHub/Unrealengine-course/Unrealcourse/Content/Developers/olive/Collections/' took 0.00s
[2022.11.28-10.39.00:553][  0]LogFileCache: Scanning file cache for directory 'C:/Users/olive/Documents/GitHub/Unrealengine-course/Unrealcourse/Content/Collections/' took 0.00s
[2022.11.28-10.39.00:553][  0]LogOcInput: OculusInput pre-init called
[2022.11.28-10.39.00:722][  0]LogEngine: Initializing Engine...
[2022.11.28-10.39.00:724][  0]LogHMD: Failed to enumerate extensions. Please check that you have a valid OpenXR runtime installed.
[2022.11.28-10.39.00:724][  0]LogHMD: Failed to initialize OpenVR with code 110
[2022.11.28-10.39.00:724][  0]LogMagicLeap: Warning: VR disabled because ZI is not enabled.  To enable, in the editor, Edit -> Project Settings -> Plugins -> Magic Leap Plugin -> Enable Zero Iteration
[2022.11.28-10.39.00:725][  0]LogStats: UGameplayTagsManager::InitializeManager -  0.000 s
[2022.11.28-10.39.00:810][  0]LogInit: Initializing FReadOnlyCVARCache
[2022.11.28-10.39.00:817][  0]LogAIModule: Creating AISystem for world Untitled
[2022.11.28-10.39.00:822][  0]LogAudio: Display: Initializing Audio Device Manager...
[2022.11.28-10.39.00:826][  0]LogAudio: Display: Loading Default Audio Settings Objects...
[2022.11.28-10.39.00:826][  0]LogAudio: Display: No default SoundConcurrencyObject specified (or failed to load).
[2022.11.28-10.39.00:827][  0]LogAudio: Display: Audio Device Manager Initialized
[2022.11.28-10.39.00:827][  0]LogAudio: Display: Creating Audio Device:                 Id: 1, Scope: Shared, Realtime: True
[2022.11.28-10.39.00:827][  0]LogAudioMixer: Display: Audio Mixer Platform Settings:
[2022.11.28-10.39.00:827][  0]LogAudioMixer: Display: 	Sample Rate:						  48000
[2022.11.28-10.39.00:827][  0]LogAudioMixer: Display: 	Callback Buffer Frame Size Requested: 1024
[2022.11.28-10.39.00:827][  0]LogAudioMixer: Display: 	Callback Buffer Frame Size To Use:	  1024
[2022.11.28-10.39.00:827][  0]LogAudioMixer: Display: 	Number of buffers to queue:			  2
[2022.11.28-10.39.00:827][  0]LogAudioMixer: Display: 	Max Channels (voices):				  32
[2022.11.28-10.39.00:827][  0]LogAudioMixer: Display: 	Number of Async Source Workers:		  0
[2022.11.28-10.39.00:827][  0]LogAudio: Display: AudioDevice MaxSources: 32
[2022.11.28-10.39.00:827][  0]LogAudio: Display: Audio Spatialization Plugin: None (built-in).
[2022.11.28-10.39.00:827][  0]LogAudio: Display: Audio Reverb Plugin: None (built-in).
[2022.11.28-10.39.00:827][  0]LogAudio: Display: Audio Occlusion Plugin: None (built-in).
[2022.11.28-10.39.00:827][  0]LogAudioMixer: Display: Initializing audio mixer.
[2022.11.28-10.39.00:840][  0]LogAudioMixer: Display: 0: FrontLeft
[2022.11.28-10.39.00:840][  0]LogAudioMixer: Display: 1: FrontRight
[2022.11.28-10.39.00:858][  0]LogAudioMixer: Display: Using Audio Device Headphones (Realtek(R) Audio)
[2022.11.28-10.39.00:859][  0]LogAudioMixer: Display: Initializing Sound Submixes...
[2022.11.28-10.39.00:861][  0]LogAudioMixer: Display: Creating Master Submix 'MasterSubmixDefault'
[2022.11.28-10.39.00:861][  0]LogAudioMixer: Display: Creating Master Submix 'MasterReverbSubmixDefault'
[2022.11.28-10.39.00:862][  0]LogAudioMixer: Display: Creating Master Submix 'MasterEQSubmixDefault'
[2022.11.28-10.39.00:862][  0]LogAudioMixer: FMixerPlatformXAudio2::StartAudioStream() called
[2022.11.28-10.39.00:862][  0]LogAudioMixer: Display: Output buffers initialized: Frames=1024, Channels=2, Samples=2048
[2022.11.28-10.39.00:863][  0]LogAudioMixer: Display: Starting AudioMixerPlatformInterface::RunInternal()
[2022.11.28-10.39.00:863][  0]LogAudioMixer: Display: FMixerPlatformXAudio2::SubmitBuffer() called for the first time
[2022.11.28-10.39.00:863][  0]LogInit: FAudioDevice initialized.
[2022.11.28-10.39.00:863][  0]LogAudio: Display: Audio Device (ID: 1) registered with world 'Untitled'.
[2022.11.28-10.39.00:863][  0]LogNetVersion: Set ProjectVersion to 1.0.0.0. Version Checksum will be recalculated on next use.
[2022.11.28-10.39.00:910][  0]LogDerivedDataCache: Saved boot cache 0.05s 94MB C:/Users/olive/AppData/Local/UnrealEngine/4.27/DerivedDataCache/Boot.ddc.
[2022.11.28-10.39.00:911][  0]LogInit: Texture streaming: Enabled
[2022.11.28-10.39.00:921][  0]LogAnalytics: Display: [UEEditor.Rocket.Release] APIServer = https://datarouter.ol.epicgames.com/. AppVersion = 4.27.2-18319896+++UE4+Release-4.27
[2022.11.28-10.39.00:926][  0]LogEngineSessionManager: EngineSessionManager initialized
[2022.11.28-10.39.00:926][  0]LogEditorSessionSummary: Verbose: Initializing EditorSessionSummaryWriter for editor session tracking
[2022.11.28-10.39.00:932][  0]LogEditorSessionSummary: EditorSessionSummaryWriter initialized
[2022.11.28-10.39.00:955][  0]LogInit: Transaction tracking system initialized
[2022.11.28-10.39.00:972][  0]BlueprintLog: New page: Editor Load
[2022.11.28-10.39.01:022][  0]LocalizationService: Localization service is disabled
[2022.11.28-10.39.01:041][  0]TimingProfiler: Initialize
[2022.11.28-10.39.01:042][  0]TimingProfiler: OnSessionChanged
[2022.11.28-10.39.01:042][  0]LoadingProfiler: Initialize
[2022.11.28-10.39.01:042][  0]LoadingProfiler: OnSessionChanged
[2022.11.28-10.39.01:042][  0]NetworkingProfiler: Initialize
[2022.11.28-10.39.01:042][  0]NetworkingProfiler: OnSessionChanged
[2022.11.28-10.39.01:042][  0]MemoryProfiler: Initialize
[2022.11.28-10.39.01:042][  0]MemoryProfiler: OnSessionChanged
[2022.11.28-10.39.01:160][  0]LogCook: Display: CookSettings for Memory: MemoryMaxUsedVirtual 0MiB, MemoryMaxUsedPhysical 16384MiB, MemoryMinFreeVirtual 0MiB, MemoryMinFreePhysical 1024MiB
[2022.11.28-10.39.01:160][  0]LogCook: Display: Mobile HDR setting 1
[2022.11.28-10.39.01:312][  0]LogFileCache: Scanning file cache for directory 'C:/Users/olive/Documents/GitHub/Unrealengine-course/Unrealcourse/Content/' took 0.00s
[2022.11.28-10.39.01:433][  0]LogInit: Display: Engine is initialized. Leaving FEngineLoop::Init()
[2022.11.28-10.39.01:438][  0]SourceControl: Source control is disabled
[2022.11.28-10.39.01:438][  0]LogUnrealEdMisc: Loading editor; pre map load, took 5.466
[2022.11.28-10.39.01:438][  0]Cmd: MAP LOAD FILE="../../../../../../Users/olive/Documents/GitHub/Unrealengine-course/Unrealcourse/Content/ThirdPersonBP/Maps/ThirdPersonExampleMap.umap" TEMPLATE=0 SHOWPROGRESS=1 FEATURELEVEL=3
[2022.11.28-10.39.01:439][  0]LightingResults: New page: Lighting Build
[2022.11.28-10.39.01:440][  0]LogWorld: UWorld::CleanupWorld for Untitled, bSessionEnded=true, bCleanupResources=true
[2022.11.28-10.39.01:440][  0]LogSlate: InvalidateAllWidgets triggered.  All widgets were invalidated
[2022.11.28-10.39.01:440][  0]MapCheck: New page: Map Check
[2022.11.28-10.39.01:440][  0]LightingResults: New page: Lighting Build
[2022.11.28-10.39.01:448][  0]LogAudio: Display: Audio Device unregistered from world 'None'.
[2022.11.28-10.39.01:451][  0]LogUObjectHash: Compacting FUObjectHashTables data took   0.81ms
[2022.11.28-10.39.01:539][  0]LogLinker: Warning: [AssetLog] C:\Users\olive\Documents\GitHub\Unrealengine-course\Unrealcourse\Content\ThirdPersonBP\Maps\ThirdPersonExampleMap.umap: Failed to load '/Game/ThirdPersonBP/Maps/ThirdPersonExampleMap_BuiltData': Can't find file.
[2022.11.28-10.39.01:539][  0]LogLinker: Warning: [AssetLog] C:\Users\olive\Documents\GitHub\Unrealengine-course\Unrealcourse\Content\ThirdPersonBP\Maps\ThirdPersonExampleMap.umap: Failed to load '/Game/ThirdPersonBP/Maps/ThirdPersonExampleMap_BuiltData': Can't find file.
[2022.11.28-10.39.01:544][  0]LogLinker: Warning: [AssetLog] C:\Users\olive\Documents\GitHub\Unrealengine-course\Unrealcourse\Content\ThirdPersonBP\Maps\ThirdPersonExampleMap.umap: Failed to load '/Game/ThirdPersonBP/Maps/ThirdPersonExampleMap_BuiltData': Can't find file.
[2022.11.28-10.39.01:545][  0]LogLinker: Warning: Failed to load '/Game/ThirdPersonBP/Maps/ThirdPersonExampleMap_BuiltData': Can't find file.
[2022.11.28-10.39.01:545][  0]LogLinker: Warning: Failed to load '/Game/ThirdPersonBP/Maps/ThirdPersonExampleMap_BuiltData': Can't find file.
[2022.11.28-10.39.01:587][  0]LogLinker: Warning: [AssetLog] C:\Users\olive\Documents\GitHub\Unrealengine-course\Unrealcourse\Content\ThirdPersonBP\Maps\ThirdPersonExampleMap.umap: Failed to load '/Game/ThirdPersonBP/Maps/ThirdPersonExampleMap_BuiltData': Can't find file.
[2022.11.28-10.39.01:587][  0]LoadErrors: Failed to load /Game/ThirdPersonBP/Maps/ThirdPersonExampleMap_BuiltData.ThirdPersonExampleMap_BuiltData Referenced by PersistentLevel
[2022.11.28-10.39.01:660][  0]LogAudio: Display: Audio Device (ID: 1) registered with world 'ThirdPersonExampleMap'.
[2022.11.28-10.39.01:661][  0]LogAIModule: Creating AISystem for world ThirdPersonExampleMap
[2022.11.28-10.39.01:670][  0]LogEditorServer: Finished looking for orphan Actors (0.000 secs)
[2022.11.28-10.39.01:675][  0]LogUObjectHash: Compacting FUObjectHashTables data took   0.88ms
[2022.11.28-10.39.01:676][  0]Cmd: MAP CHECKDEP NOCLEARLOG
[2022.11.28-10.39.01:676][  0]MapCheck: Map check complete: 0 Error(s), 0 Warning(s), took 0,231ms to complete.
[2022.11.28-10.39.01:676][  0]LogFileHelpers: Loading map 'ThirdPersonExampleMap' took 0.238
[2022.11.28-10.39.01:678][  0]LogUnrealEdMisc: Total Editor Startup Time, took 5.705
[2022.11.28-10.39.01:772][  0]LogSlate: Updating window title bar state: overlay mode, drag disabled, window buttons hidden, title bar hidden
[2022.11.28-10.39.01:777][  0]LogSlate: Updating window title bar state: overlay mode, drag disabled, window buttons hidden, title bar hidden
[2022.11.28-10.39.01:782][  0]LogSlate: Updating window title bar state: overlay mode, drag disabled, window buttons hidden, title bar hidden
[2022.11.28-10.39.01:786][  0]LogSlate: Updating window title bar state: overlay mode, drag disabled, window buttons hidden, title bar hidden
[2022.11.28-10.39.01:801][  0]LogNativeClassHierarchy: Verbose: Native class hierarchy populated in 0.0082 seconds. Added 3822 classes and 928 folders.
[2022.11.28-10.39.01:802][  0]LogNativeClassHierarchy: Verbose: Native class hierarchy updated for 'WidgetCarousel' in 0.0002 seconds. Added 0 classes and 0 folders.
[2022.11.28-10.39.01:804][  0]LogPakFile: PakFile PrimaryIndexSize=187
[2022.11.28-10.39.01:804][  0]LogPakFile: PakFile PathHashIndexSize=101
[2022.11.28-10.39.01:804][  0]LogPakFile: PakFile FullDirectoryIndexSize=148
[2022.11.28-10.39.01:804][  0]LogShaderLibrary: Display: ShaderCodeLibraryPakFileMountedCallback: PakFile 'C:/Program Files/Epic Games/UE_4.27/FeaturePacks/FP_FirstPerson.upack' (chunk index -1, root 'root:/') mounted
[2022.11.28-10.39.01:804][  0]LogShaderLibrary: Display: ShaderCodeLibraryPakFileMountedCallback: pending pak file info (ChunkID:-1 Root:root:/ File:C:/Program Files/Epic Games/UE_4.27/FeaturePacks/FP_FirstPerson.upack)
[2022.11.28-10.39.01:804][  0]LogPakFile: OnPakFileMounted2Time == 0.000050
[2022.11.28-10.39.01:804][  0]LogPakFile: PakFile PrimaryIndexSize=189
[2022.11.28-10.39.01:804][  0]LogPakFile: PakFile PathHashIndexSize=101
[2022.11.28-10.39.01:804][  0]LogPakFile: PakFile FullDirectoryIndexSize=152
[2022.11.28-10.39.01:804][  0]LogShaderLibrary: Display: ShaderCodeLibraryPakFileMountedCallback: PakFile 'C:/Program Files/Epic Games/UE_4.27/FeaturePacks/FP_FirstPersonBP.upack' (chunk index -1, root 'root:/') mounted
[2022.11.28-10.39.01:804][  0]LogShaderLibrary: Display: ShaderCodeLibraryPakFileMountedCallback: pending pak file info (ChunkID:-1 Root:root:/ File:C:/Program Files/Epic Games/UE_4.27/FeaturePacks/FP_FirstPersonBP.upack)
[2022.11.28-10.39.01:805][  0]LogPakFile: OnPakFileMounted2Time == 0.000035
[2022.11.28-10.39.01:805][  0]LogPakFile: PakFile PrimaryIndexSize=191
[2022.11.28-10.39.01:805][  0]LogPakFile: PakFile PathHashIndexSize=101
[2022.11.28-10.39.01:805][  0]LogPakFile: PakFile FullDirectoryIndexSize=160
[2022.11.28-10.39.01:805][  0]LogShaderLibrary: Display: ShaderCodeLibraryPakFileMountedCallback: PakFile 'C:/Program Files/Epic Games/UE_4.27/FeaturePacks/MobileStarterContent.upack' (chunk index -1, root 'root:/') mounted
[2022.11.28-10.39.01:805][  0]LogShaderLibrary: Display: ShaderCodeLibraryPakFileMountedCallback: pending pak file info (ChunkID:-1 Root:root:/ File:C:/Program Files/Epic Games/UE_4.27/FeaturePacks/MobileStarterContent.upack)
[2022.11.28-10.39.01:805][  0]LogPakFile: OnPakFileMounted2Time == 0.000031
[2022.11.28-10.39.01:806][  0]LogPakFile: PakFile PrimaryIndexSize=185
[2022.11.28-10.39.01:806][  0]LogPakFile: PakFile PathHashIndexSize=101
[2022.11.28-10.39.01:806][  0]LogPakFile: PakFile FullDirectoryIndexSize=148
[2022.11.28-10.39.01:806][  0]LogShaderLibrary: Display: ShaderCodeLibraryPakFileMountedCallback: PakFile 'C:/Program Files/Epic Games/UE_4.27/FeaturePacks/StarterContent.upack' (chunk index -1, root 'root:/') mounted
[2022.11.28-10.39.01:806][  0]LogShaderLibrary: Display: ShaderCodeLibraryPakFileMountedCallback: pending pak file info (ChunkID:-1 Root:root:/ File:C:/Program Files/Epic Games/UE_4.27/FeaturePacks/StarterContent.upack)
[2022.11.28-10.39.01:806][  0]LogPakFile: OnPakFileMounted2Time == 0.000031
[2022.11.28-10.39.01:806][  0]LogPakFile: PakFile PrimaryIndexSize=190
[2022.11.28-10.39.01:806][  0]LogPakFile: PakFile PathHashIndexSize=101
[2022.11.28-10.39.01:806][  0]LogPakFile: PakFile FullDirectoryIndexSize=154
[2022.11.28-10.39.01:806][  0]LogShaderLibrary: Display: ShaderCodeLibraryPakFileMountedCallback: PakFile 'C:/Program Files/Epic Games/UE_4.27/FeaturePacks/TP_2DSideScroller.upack' (chunk index -1, root 'root:/') mounted
[2022.11.28-10.39.01:806][  0]LogShaderLibrary: Display: ShaderCodeLibraryPakFileMountedCallback: pending pak file info (ChunkID:-1 Root:root:/ File:C:/Program Files/Epic Games/UE_4.27/FeaturePacks/TP_2DSideScroller.upack)
[2022.11.28-10.39.01:806][  0]LogPakFile: OnPakFileMounted2Time == 0.000029
[2022.11.28-10.39.01:807][  0]LogPakFile: PakFile PrimaryIndexSize=192
[2022.11.28-10.39.01:807][  0]LogPakFile: PakFile PathHashIndexSize=101
[2022.11.28-10.39.01:807][  0]LogPakFile: PakFile FullDirectoryIndexSize=158
[2022.11.28-10.39.01:807][  0]LogShaderLibrary: Display: ShaderCodeLibraryPakFileMountedCallback: PakFile 'C:/Program Files/Epic Games/UE_4.27/FeaturePacks/TP_2DSideScrollerBP.upack' (chunk index -1, root 'root:/') mounted
[2022.11.28-10.39.01:807][  0]LogShaderLibrary: Display: ShaderCodeLibraryPakFileMountedCallback: pending pak file info (ChunkID:-1 Root:root:/ File:C:/Program Files/Epic Games/UE_4.27/FeaturePacks/TP_2DSideScrollerBP.upack)
[2022.11.28-10.39.01:807][  0]LogPakFile: OnPakFileMounted2Time == 0.000028
[2022.11.28-10.39.01:807][  0]LogPakFile: PakFile PrimaryIndexSize=182
[2022.11.28-10.39.01:807][  0]LogPakFile: PakFile PathHashIndexSize=101
[2022.11.28-10.39.01:807][  0]LogPakFile: PakFile FullDirectoryIndexSize=138
[2022.11.28-10.39.01:807][  0]LogShaderLibrary: Display: ShaderCodeLibraryPakFileMountedCallback: PakFile 'C:/Program Files/Epic Games/UE_4.27/FeaturePacks/TP_Flying.upack' (chunk index -1, root 'root:/') mounted
[2022.11.28-10.39.01:807][  0]LogShaderLibrary: Display: ShaderCodeLibraryPakFileMountedCallback: pending pak file info (ChunkID:-1 Root:root:/ File:C:/Program Files/Epic Games/UE_4.27/FeaturePacks/TP_Flying.upack)
[2022.11.28-10.39.01:807][  0]LogPakFile: OnPakFileMounted2Time == 0.000029
[2022.11.28-10.39.01:808][  0]LogPakFile: PakFile PrimaryIndexSize=184
[2022.11.28-10.39.01:808][  0]LogPakFile: PakFile PathHashIndexSize=101
[2022.11.28-10.39.01:808][  0]LogPakFile: PakFile FullDirectoryIndexSize=142
[2022.11.28-10.39.01:808][  0]LogShaderLibrary: Display: ShaderCodeLibraryPakFileMountedCallback: PakFile 'C:/Program Files/Epic Games/UE_4.27/FeaturePacks/TP_FlyingBP.upack' (chunk index -1, root 'root:/') mounted
[2022.11.28-10.39.01:808][  0]LogShaderLibrary: Display: ShaderCodeLibraryPakFileMountedCallback: pending pak file info (ChunkID:-1 Root:root:/ File:C:/Program Files/Epic Games/UE_4.27/FeaturePacks/TP_FlyingBP.upack)
[2022.11.28-10.39.01:808][  0]LogPakFile: OnPakFileMounted2Time == 0.000028
[2022.11.28-10.39.01:808][  0]LogPakFile: PakFile PrimaryIndexSize=188
[2022.11.28-10.39.01:808][  0]LogPakFile: PakFile PathHashIndexSize=101
[2022.11.28-10.39.01:808][  0]LogPakFile: PakFile FullDirectoryIndexSize=150
[2022.11.28-10.39.01:808][  0]LogShaderLibrary: Display: ShaderCodeLibraryPakFileMountedCallback: PakFile 'C:/Program Files/Epic Games/UE_4.27/FeaturePacks/TP_HandheldARBP.upack' (chunk index -1, root 'root:/') mounted
[2022.11.28-10.39.01:808][  0]LogShaderLibrary: Display: ShaderCodeLibraryPakFileMountedCallback: pending pak file info (ChunkID:-1 Root:root:/ File:C:/Program Files/Epic Games/UE_4.27/FeaturePacks/TP_HandheldARBP.upack)
[2022.11.28-10.39.01:808][  0]LogPakFile: OnPakFileMounted2Time == 0.000028
[2022.11.28-10.39.01:809][  0]LogPakFile: PakFile PrimaryIndexSize=182
[2022.11.28-10.39.01:809][  0]LogPakFile: PakFile PathHashIndexSize=101
[2022.11.28-10.39.01:809][  0]LogPakFile: PakFile FullDirectoryIndexSize=138
[2022.11.28-10.39.01:809][  0]LogShaderLibrary: Display: ShaderCodeLibraryPakFileMountedCallback: PakFile 'C:/Program Files/Epic Games/UE_4.27/FeaturePacks/TP_Puzzle.upack' (chunk index -1, root 'root:/') mounted
[2022.11.28-10.39.01:809][  0]LogShaderLibrary: Display: ShaderCodeLibraryPakFileMountedCallback: pending pak file info (ChunkID:-1 Root:root:/ File:C:/Program Files/Epic Games/UE_4.27/FeaturePacks/TP_Puzzle.upack)
[2022.11.28-10.39.01:809][  0]LogPakFile: OnPakFileMounted2Time == 0.000029
[2022.11.28-10.39.01:809][  0]LogPakFile: PakFile PrimaryIndexSize=184
[2022.11.28-10.39.01:809][  0]LogPakFile: PakFile PathHashIndexSize=101
[2022.11.28-10.39.01:809][  0]LogPakFile: PakFile FullDirectoryIndexSize=142
[2022.11.28-10.39.01:809][  0]LogShaderLibrary: Display: ShaderCodeLibraryPakFileMountedCallback: PakFile 'C:/Program Files/Epic Games/UE_4.27/FeaturePacks/TP_PuzzleBP.upack' (chunk index -1, root 'root:/') mounted
[2022.11.28-10.39.01:809][  0]LogShaderLibrary: Display: ShaderCodeLibraryPakFileMountedCallback: pending pak file info (ChunkID:-1 Root:root:/ File:C:/Program Files/Epic Games/UE_4.27/FeaturePacks/TP_PuzzleBP.upack)
[2022.11.28-10.39.01:809][  0]LogPakFile: OnPakFileMounted2Time == 0.000028
[2022.11.28-10.39.01:810][  0]LogPakFile: PakFile PrimaryIndexSize=183
[2022.11.28-10.39.01:810][  0]LogPakFile: PakFile PathHashIndexSize=101
[2022.11.28-10.39.01:810][  0]LogPakFile: PakFile FullDirectoryIndexSize=140
[2022.11.28-10.39.01:810][  0]LogShaderLibrary: Display: ShaderCodeLibraryPakFileMountedCallback: PakFile 'C:/Program Files/Epic Games/UE_4.27/FeaturePacks/TP_Rolling.upack' (chunk index -1, root 'root:/') mounted
[2022.11.28-10.39.01:810][  0]LogShaderLibrary: Display: ShaderCodeLibraryPakFileMountedCallback: pending pak file info (ChunkID:-1 Root:root:/ File:C:/Program Files/Epic Games/UE_4.27/FeaturePacks/TP_Rolling.upack)
[2022.11.28-10.39.01:810][  0]LogPakFile: OnPakFileMounted2Time == 0.000028
[2022.11.28-10.39.01:810][  0]LogPakFile: PakFile PrimaryIndexSize=185
[2022.11.28-10.39.01:810][  0]LogPakFile: PakFile PathHashIndexSize=101
[2022.11.28-10.39.01:810][  0]LogPakFile: PakFile FullDirectoryIndexSize=144
[2022.11.28-10.39.01:810][  0]LogShaderLibrary: Display: ShaderCodeLibraryPakFileMountedCallback: PakFile 'C:/Program Files/Epic Games/UE_4.27/FeaturePacks/TP_RollingBP.upack' (chunk index -1, root 'root:/') mounted
[2022.11.28-10.39.01:810][  0]LogShaderLibrary: Display: ShaderCodeLibraryPakFileMountedCallback: pending pak file info (ChunkID:-1 Root:root:/ File:C:/Program Files/Epic Games/UE_4.27/FeaturePacks/TP_RollingBP.upack)
[2022.11.28-10.39.01:810][  0]LogPakFile: OnPakFileMounted2Time == 0.000028
[2022.11.28-10.39.01:811][  0]LogPakFile: PakFile PrimaryIndexSize=188
[2022.11.28-10.39.01:811][  0]LogPakFile: PakFile PathHashIndexSize=101
[2022.11.28-10.39.01:811][  0]LogPakFile: PakFile FullDirectoryIndexSize=150
[2022.11.28-10.39.01:811][  0]LogShaderLibrary: Display: ShaderCodeLibraryPakFileMountedCallback: PakFile 'C:/Program Files/Epic Games/UE_4.27/FeaturePacks/TP_SideScroller.upack' (chunk index -1, root 'root:/') mounted
[2022.11.28-10.39.01:811][  0]LogShaderLibrary: Display: ShaderCodeLibraryPakFileMountedCallback: pending pak file info (ChunkID:-1 Root:root:/ File:C:/Program Files/Epic Games/UE_4.27/FeaturePacks/TP_SideScroller.upack)
[2022.11.28-10.39.01:811][  0]LogPakFile: OnPakFileMounted2Time == 0.000029
[2022.11.28-10.39.01:811][  0]LogPakFile: PakFile PrimaryIndexSize=190
[2022.11.28-10.39.01:811][  0]LogPakFile: PakFile PathHashIndexSize=101
[2022.11.28-10.39.01:811][  0]LogPakFile: PakFile FullDirectoryIndexSize=154
[2022.11.28-10.39.01:811][  0]LogShaderLibrary: Display: ShaderCodeLibraryPakFileMountedCallback: PakFile 'C:/Program Files/Epic Games/UE_4.27/FeaturePacks/TP_SideScrollerBP.upack' (chunk index -1, root 'root:/') mounted
[2022.11.28-10.39.01:811][  0]LogShaderLibrary: Display: ShaderCodeLibraryPakFileMountedCallback: pending pak file info (ChunkID:-1 Root:root:/ File:C:/Program Files/Epic Games/UE_4.27/FeaturePacks/TP_SideScrollerBP.upack)
[2022.11.28-10.39.01:811][  0]LogPakFile: OnPakFileMounted2Time == 0.000029
[2022.11.28-10.39.01:812][  0]LogPakFile: PakFile PrimaryIndexSize=187
[2022.11.28-10.39.01:812][  0]LogPakFile: PakFile PathHashIndexSize=101
[2022.11.28-10.39.01:812][  0]LogPakFile: PakFile FullDirectoryIndexSize=148
[2022.11.28-10.39.01:812][  0]LogShaderLibrary: Display: ShaderCodeLibraryPakFileMountedCallback: PakFile 'C:/Program Files/Epic Games/UE_4.27/FeaturePacks/TP_ThirdPerson.upack' (chunk index -1, root 'root:/') mounted
[2022.11.28-10.39.01:812][  0]LogShaderLibrary: Display: ShaderCodeLibraryPakFileMountedCallback: pending pak file info (ChunkID:-1 Root:root:/ File:C:/Program Files/Epic Games/UE_4.27/FeaturePacks/TP_ThirdPerson.upack)
[2022.11.28-10.39.01:812][  0]LogPakFile: OnPakFileMounted2Time == 0.000028
[2022.11.28-10.39.01:812][  0]LogPakFile: PakFile PrimaryIndexSize=189
[2022.11.28-10.39.01:812][  0]LogPakFile: PakFile PathHashIndexSize=101
[2022.11.28-10.39.01:812][  0]LogPakFile: PakFile FullDirectoryIndexSize=152
[2022.11.28-10.39.01:812][  0]LogShaderLibrary: Display: ShaderCodeLibraryPakFileMountedCallback: PakFile 'C:/Program Files/Epic Games/UE_4.27/FeaturePacks/TP_ThirdPersonBP.upack' (chunk index -1, root 'root:/') mounted
[2022.11.28-10.39.01:812][  0]LogShaderLibrary: Display: ShaderCodeLibraryPakFileMountedCallback: pending pak file info (ChunkID:-1 Root:root:/ File:C:/Program Files/Epic Games/UE_4.27/FeaturePacks/TP_ThirdPersonBP.upack)
[2022.11.28-10.39.01:812][  0]LogPakFile: OnPakFileMounted2Time == 0.000029
[2022.11.28-10.39.01:813][  0]LogPakFile: PakFile PrimaryIndexSize=183
[2022.11.28-10.39.01:813][  0]LogPakFile: PakFile PathHashIndexSize=101
[2022.11.28-10.39.01:813][  0]LogPakFile: PakFile FullDirectoryIndexSize=140
[2022.11.28-10.39.01:813][  0]LogShaderLibrary: Display: ShaderCodeLibraryPakFileMountedCallback: PakFile 'C:/Program Files/Epic Games/UE_4.27/FeaturePacks/TP_TopDown.upack' (chunk index -1, root 'root:/') mounted
[2022.11.28-10.39.01:813][  0]LogShaderLibrary: Display: ShaderCodeLibraryPakFileMountedCallback: pending pak file info (ChunkID:-1 Root:root:/ File:C:/Program Files/Epic Games/UE_4.27/FeaturePacks/TP_TopDown.upack)
[2022.11.28-10.39.01:813][  0]LogPakFile: OnPakFileMounted2Time == 0.000035
[2022.11.28-10.39.01:813][  0]LogPakFile: PakFile PrimaryIndexSize=185
[2022.11.28-10.39.01:813][  0]LogPakFile: PakFile PathHashIndexSize=101
[2022.11.28-10.39.01:813][  0]LogPakFile: PakFile FullDirectoryIndexSize=144
[2022.11.28-10.39.01:813][  0]LogShaderLibrary: Display: ShaderCodeLibraryPakFileMountedCallback: PakFile 'C:/Program Files/Epic Games/UE_4.27/FeaturePacks/TP_TopDownBP.upack' (chunk index -1, root 'root:/') mounted
[2022.11.28-10.39.01:813][  0]LogShaderLibrary: Display: ShaderCodeLibraryPakFileMountedCallback: pending pak file info (ChunkID:-1 Root:root:/ File:C:/Program Files/Epic Games/UE_4.27/FeaturePacks/TP_TopDownBP.upack)
[2022.11.28-10.39.01:813][  0]LogPakFile: OnPakFileMounted2Time == 0.000029
[2022.11.28-10.39.01:814][  0]LogPakFile: PakFile PrimaryIndexSize=185
[2022.11.28-10.39.01:814][  0]LogPakFile: PakFile PathHashIndexSize=101
[2022.11.28-10.39.01:814][  0]LogPakFile: PakFile FullDirectoryIndexSize=144
[2022.11.28-10.39.01:814][  0]LogShaderLibrary: Display: ShaderCodeLibraryPakFileMountedCallback: PakFile 'C:/Program Files/Epic Games/UE_4.27/FeaturePacks/TP_TwinStick.upack' (chunk index -1, root 'root:/') mounted
[2022.11.28-10.39.01:814][  0]LogShaderLibrary: Display: ShaderCodeLibraryPakFileMountedCallback: pending pak file info (ChunkID:-1 Root:root:/ File:C:/Program Files/Epic Games/UE_4.27/FeaturePacks/TP_TwinStick.upack)
[2022.11.28-10.39.01:814][  0]LogPakFile: OnPakFileMounted2Time == 0.000028
[2022.11.28-10.39.01:814][  0]LogPakFile: PakFile PrimaryIndexSize=187
[2022.11.28-10.39.01:814][  0]LogPakFile: PakFile PathHashIndexSize=101
[2022.11.28-10.39.01:814][  0]LogPakFile: PakFile FullDirectoryIndexSize=148
[2022.11.28-10.39.01:814][  0]LogShaderLibrary: Display: ShaderCodeLibraryPakFileMountedCallback: PakFile 'C:/Program Files/Epic Games/UE_4.27/FeaturePacks/TP_TwinStickBP.upack' (chunk index -1, root 'root:/') mounted
[2022.11.28-10.39.01:814][  0]LogShaderLibrary: Display: ShaderCodeLibraryPakFileMountedCallback: pending pak file info (ChunkID:-1 Root:root:/ File:C:/Program Files/Epic Games/UE_4.27/FeaturePacks/TP_TwinStickBP.upack)
[2022.11.28-10.39.01:814][  0]LogPakFile: OnPakFileMounted2Time == 0.000030
[2022.11.28-10.39.01:815][  0]LogPakFile: PakFile PrimaryIndexSize=183
[2022.11.28-10.39.01:815][  0]LogPakFile: PakFile PathHashIndexSize=101
[2022.11.28-10.39.01:815][  0]LogPakFile: PakFile FullDirectoryIndexSize=140
[2022.11.28-10.39.01:815][  0]LogShaderLibrary: Display: ShaderCodeLibraryPakFileMountedCallback: PakFile 'C:/Program Files/Epic Games/UE_4.27/FeaturePacks/TP_Vehicle.upack' (chunk index -1, root 'root:/') mounted
[2022.11.28-10.39.01:815][  0]LogShaderLibrary: Display: ShaderCodeLibraryPakFileMountedCallback: pending pak file info (ChunkID:-1 Root:root:/ File:C:/Program Files/Epic Games/UE_4.27/FeaturePacks/TP_Vehicle.upack)
[2022.11.28-10.39.01:815][  0]LogPakFile: OnPakFileMounted2Time == 0.000028
[2022.11.28-10.39.01:815][  0]LogPakFile: PakFile PrimaryIndexSize=186
[2022.11.28-10.39.01:815][  0]LogPakFile: PakFile PathHashIndexSize=101
[2022.11.28-10.39.01:815][  0]LogPakFile: PakFile FullDirectoryIndexSize=146
[2022.11.28-10.39.01:815][  0]LogShaderLibrary: Display: ShaderCodeLibraryPakFileMountedCallback: PakFile 'C:/Program Files/Epic Games/UE_4.27/FeaturePacks/TP_VehicleAdv.upack' (chunk index -1, root 'root:/') mounted
[2022.11.28-10.39.01:816][  0]LogShaderLibrary: Display: ShaderCodeLibraryPakFileMountedCallback: pending pak file info (ChunkID:-1 Root:root:/ File:C:/Program Files/Epic Games/UE_4.27/FeaturePacks/TP_VehicleAdv.upack)
[2022.11.28-10.39.01:816][  0]LogPakFile: OnPakFileMounted2Time == 0.000030
[2022.11.28-10.39.01:816][  0]LogPakFile: PakFile PrimaryIndexSize=188
[2022.11.28-10.39.01:816][  0]LogPakFile: PakFile PathHashIndexSize=101
[2022.11.28-10.39.01:816][  0]LogPakFile: PakFile FullDirectoryIndexSize=150
[2022.11.28-10.39.01:816][  0]LogShaderLibrary: Display: ShaderCodeLibraryPakFileMountedCallback: PakFile 'C:/Program Files/Epic Games/UE_4.27/FeaturePacks/TP_VehicleAdvBP.upack' (chunk index -1, root 'root:/') mounted
[2022.11.28-10.39.01:816][  0]LogShaderLibrary: Display: ShaderCodeLibraryPakFileMountedCallback: pending pak file info (ChunkID:-1 Root:root:/ File:C:/Program Files/Epic Games/UE_4.27/FeaturePacks/TP_VehicleAdvBP.upack)
[2022.11.28-10.39.01:816][  0]LogPakFile: OnPakFileMounted2Time == 0.000028
[2022.11.28-10.39.01:817][  0]LogPakFile: PakFile PrimaryIndexSize=185
[2022.11.28-10.39.01:817][  0]LogPakFile: PakFile PathHashIndexSize=101
[2022.11.28-10.39.01:817][  0]LogPakFile: PakFile FullDirectoryIndexSize=144
[2022.11.28-10.39.01:817][  0]LogShaderLibrary: Display: ShaderCodeLibraryPakFileMountedCallback: PakFile 'C:/Program Files/Epic Games/UE_4.27/FeaturePacks/TP_VehicleBP.upack' (chunk index -1, root 'root:/') mounted
[2022.11.28-10.39.01:817][  0]LogShaderLibrary: Display: ShaderCodeLibraryPakFileMountedCallback: pending pak file info (ChunkID:-1 Root:root:/ File:C:/Program Files/Epic Games/UE_4.27/FeaturePacks/TP_VehicleBP.upack)
[2022.11.28-10.39.01:817][  0]LogPakFile: OnPakFileMounted2Time == 0.000029
[2022.11.28-10.39.01:817][  0]LogPakFile: PakFile PrimaryIndexSize=192
[2022.11.28-10.39.01:817][  0]LogPakFile: PakFile PathHashIndexSize=101
[2022.11.28-10.39.01:817][  0]LogPakFile: PakFile FullDirectoryIndexSize=158
[2022.11.28-10.39.01:817][  0]LogShaderLibrary: Display: ShaderCodeLibraryPakFileMountedCallback: PakFile 'C:/Program Files/Epic Games/UE_4.27/FeaturePacks/TP_VirtualRealityBP.upack' (chunk index -1, root 'root:/') mounted
[2022.11.28-10.39.01:817][  0]LogShaderLibrary: Display: ShaderCodeLibraryPakFileMountedCallback: pending pak file info (ChunkID:-1 Root:root:/ File:C:/Program Files/Epic Games/UE_4.27/FeaturePacks/TP_VirtualRealityBP.upack)
[2022.11.28-10.39.01:817][  0]LogPakFile: OnPakFileMounted2Time == 0.000028
[2022.11.28-10.39.01:863][  0]LogNativeClassHierarchy: Verbose: Native class hierarchy updated for 'AddContentDialog' in 0.0003 seconds. Added 0 classes and 0 folders.
[2022.11.28-10.39.01:867][  0]LogNativeClassHierarchy: Verbose: Native class hierarchy updated for 'SceneOutliner' in 0.0003 seconds. Added 2 classes and 0 folders.
[2022.11.28-10.39.02:023][  0]LogSlate: Took 0.000221 seconds to synchronously load lazily loaded font '../../../Engine/Content/Slate/Fonts/Roboto-Regular.ttf' (155K)
[2022.11.28-10.39.02:025][  0]LogSlate: Took 0.000214 seconds to synchronously load lazily loaded font '../../../Engine/Content/Editor/Slate/Fonts/FontAwesome.ttf' (139K)
[2022.11.28-10.39.02:025][  0]LogSlate: Took 0.000199 seconds to synchronously load lazily loaded font '../../../Engine/Content/Slate/Fonts/Roboto-Bold.ttf' (160K)
[2022.11.28-10.39.02:099][  0]LogRenderer: Reallocating scene render targets to support 1384x676 Format 10 NumSamples 1 (Frame:1).
[2022.11.28-10.39.02:270][  0]LogNativeClassHierarchy: Verbose: Native class hierarchy updated for 'HierarchicalLODOutliner' in 0.0004 seconds. Added 0 classes and 0 folders.
[2022.11.28-10.39.02:270][  0]LogInput: Warning: Action Jump uses invalid key OculusGo_Left_Trigger_Click.
[2022.11.28-10.39.02:270][  0]LogInput: Warning: Action ResetVR uses invalid key OculusGo_Left_Trackpad_Click.
[2022.11.28-10.39.02:270][  0]LogInput: Warning: Use -RemoveInvalidKeys to remove instances of these keys from the action mapping.
[2022.11.28-10.39.02:270][  0]LogLoad: (Engine Initialization) Total time: 6.30 seconds
[2022.11.28-10.39.02:270][  0]LogLoad: (Engine Initialization) Total Blueprint compile time: 0.00 seconds
[2022.11.28-10.39.02:316][  0]LogAssetRegistry: Asset discovery search completed in 3.6534 seconds
[2022.11.28-10.39.02:321][  0]LogCollectionManager: Fixed up redirectors for 0 collections in 0.000003 seconds (updated 0 objects)
[2022.11.28-10.39.02:322][  0]LogContentStreaming: Texture pool size now 1000 MB
[2022.11.28-10.39.02:364][  0]LogSlate: Took 0.000498 seconds to synchronously load lazily loaded font '../../../Engine/Content/Slate/Fonts/DroidSansMono.ttf' (77K)
[2022.11.28-10.39.03:963][ 84]LogSlate: Window 'Message Log' being destroyed
[2022.11.28-10.39.03:966][ 84]LogSlate: Window 'Message Log' being destroyed
[2022.11.28-10.39.10:381][464]LogSlate: Took 0.000213 seconds to synchronously load lazily loaded font '../../../Engine/Content/Slate/Fonts/Roboto-Italic.ttf' (157K)
[2022.11.28-10.39.20:750][ 78]LogTemp: Repeating last play command: Selected Viewport
[2022.11.28-10.39.20:757][ 78]LogPlayLevel: PlayLevel: No blueprints needed recompiling
[2022.11.28-10.39.20:757][ 78]PIE: New page: PIE session: ThirdPersonExampleMap (28 Nov 2022, 12:39:20)
[2022.11.28-10.39.20:758][ 78]LogOnline: OSS: Creating online subsystem instance for: NULL
[2022.11.28-10.39.20:759][ 78]LogOnline: OSS: TryLoadSubsystemAndSetDefault: Loaded subsystem for module [NULL]
[2022.11.28-10.39.20:759][ 78]LogPlayLevel: Creating play world package: /Game/ThirdPersonBP/Maps/UEDPIE_0_ThirdPersonExampleMap
[2022.11.28-10.39.20:769][ 78]LogPlayLevel: PIE: StaticDuplicateObject took: (0.009656s)
[2022.11.28-10.39.20:770][ 78]LogAIModule: Creating AISystem for world ThirdPersonExampleMap
[2022.11.28-10.39.20:770][ 78]LogPlayLevel: PIE: World Init took: (0.001171s)
[2022.11.28-10.39.20:770][ 78]LogPlayLevel: PIE: Created PIE world by copying editor world from /Game/ThirdPersonBP/Maps/ThirdPersonExampleMap.ThirdPersonExampleMap to /Game/ThirdPersonBP/Maps/UEDPIE_0_ThirdPersonExampleMap.ThirdPersonExampleMap (0.011014s)
[2022.11.28-10.39.20:783][ 78]LogUObjectHash: Compacting FUObjectHashTables data took   0.69ms
[2022.11.28-10.39.20:784][ 78]LogAudio: Display: Creating Audio Device:                 Id: 2, Scope: Unique, Realtime: True
[2022.11.28-10.39.20:784][ 78]LogAudioMixer: Display: Audio Mixer Platform Settings:
[2022.11.28-10.39.20:784][ 78]LogAudioMixer: Display: 	Sample Rate:						  48000
[2022.11.28-10.39.20:784][ 78]LogAudioMixer: Display: 	Callback Buffer Frame Size Requested: 1024
[2022.11.28-10.39.20:784][ 78]LogAudioMixer: Display: 	Callback Buffer Frame Size To Use:	  1024
[2022.11.28-10.39.20:784][ 78]LogAudioMixer: Display: 	Number of buffers to queue:			  2
[2022.11.28-10.39.20:784][ 78]LogAudioMixer: Display: 	Max Channels (voices):				  32
[2022.11.28-10.39.20:784][ 78]LogAudioMixer: Display: 	Number of Async Source Workers:		  0
[2022.11.28-10.39.20:784][ 78]LogAudio: Display: AudioDevice MaxSources: 32
[2022.11.28-10.39.20:784][ 78]LogAudio: Display: Audio Spatialization Plugin: None (built-in).
[2022.11.28-10.39.20:784][ 78]LogAudio: Display: Audio Reverb Plugin: None (built-in).
[2022.11.28-10.39.20:784][ 78]LogAudio: Display: Audio Occlusion Plugin: None (built-in).
[2022.11.28-10.39.20:784][ 78]LogAudioMixer: Display: Initializing audio mixer.
[2022.11.28-10.39.20:788][ 78]LogAudioMixer: Display: 0: FrontLeft
[2022.11.28-10.39.20:788][ 78]LogAudioMixer: Display: 1: FrontRight
[2022.11.28-10.39.20:800][ 78]LogAudioMixer: Display: Using Audio Device Headphones (Realtek(R) Audio)
[2022.11.28-10.39.20:800][ 78]LogAudioMixer: Display: Initializing Sound Submixes...
[2022.11.28-10.39.20:800][ 78]LogAudioMixer: Display: Creating Master Submix 'MasterSubmixDefault'
[2022.11.28-10.39.20:800][ 78]LogAudioMixer: Display: Creating Master Submix 'MasterReverbSubmixDefault'
[2022.11.28-10.39.20:801][ 78]LogAudioMixer: Display: Creating Master Submix 'MasterEQSubmixDefault'
[2022.11.28-10.39.20:801][ 78]LogAudioMixer: FMixerPlatformXAudio2::StartAudioStream() called
[2022.11.28-10.39.20:801][ 78]LogAudioMixer: Display: Output buffers initialized: Frames=1024, Channels=2, Samples=2048
[2022.11.28-10.39.20:802][ 78]LogAudioMixer: Display: Starting AudioMixerPlatformInterface::RunInternal()
[2022.11.28-10.39.20:802][ 78]LogAudioMixer: Display: FMixerPlatformXAudio2::SubmitBuffer() called for the first time
[2022.11.28-10.39.20:802][ 78]LogInit: FAudioDevice initialized.
[2022.11.28-10.39.20:802][ 78]LogAudio: Display: Audio Device (ID: 2) registered with world 'ThirdPersonExampleMap'.
[2022.11.28-10.39.20:810][ 78]LogLoad: Game class is 'ThirdPersonGameMode_C'
[2022.11.28-10.39.20:812][ 78]LogWorld: Bringing World /Game/ThirdPersonBP/Maps/UEDPIE_0_ThirdPersonExampleMap.ThirdPersonExampleMap up for play (max tick rate 60) at 2022.11.28-11.39.20
[2022.11.28-10.39.20:812][ 78]LogWorld: Bringing up level for play took: 0.001225
[2022.11.28-10.39.20:812][ 78]LogOnline: OSS: Creating online subsystem instance for: :Context_4
[2022.11.28-10.39.20:815][ 78]LogNativeClassHierarchy: Verbose: Native class hierarchy updated for 'MovieSceneCapture' in 0.0003 seconds. Added 20 classes and 0 folders.
[2022.11.28-10.39.20:815][ 78]PIE: Server logged in
[2022.11.28-10.39.20:817][ 78]PIE: Play in editor total start time 0,064 seconds.
[2022.11.28-10.39.24:370][288]LogSlate: Updating window title bar state: overlay mode, drag disabled, window buttons hidden, title bar hidden
[2022.11.28-10.39.24:370][288]LogWorld: BeginTearingDown for /Game/ThirdPersonBP/Maps/UEDPIE_0_ThirdPersonExampleMap
[2022.11.28-10.39.24:371][288]LogWorld: UWorld::CleanupWorld for ThirdPersonExampleMap, bSessionEnded=true, bCleanupResources=true
[2022.11.28-10.39.24:371][288]LogSlate: InvalidateAllWidgets triggered.  All widgets were invalidated
[2022.11.28-10.39.24:381][288]LogPlayLevel: Display: Shutting down PIE online subsystems
[2022.11.28-10.39.24:411][288]LogSlate: InvalidateAllWidgets triggered.  All widgets were invalidated
[2022.11.28-10.39.24:414][288]LogAudio: Display: Audio Device unregistered from world 'None'.
[2022.11.28-10.39.24:414][288]LogAudioMixer: FMixerPlatformXAudio2::StopAudioStream() called
[2022.11.28-10.39.24:416][288]LogAudioMixer: FMixerPlatformXAudio2::StopAudioStream() called
[2022.11.28-10.39.24:418][288]LogSlate: Updating window title bar state: overlay mode, drag disabled, window buttons hidden, title bar hidden
[2022.11.28-10.39.24:420][288]LogUObjectHash: Compacting FUObjectHashTables data took   0.90ms
[2022.11.28-10.39.24:452][289]LogPlayLevel: Display: Destroying online subsystem :Context_4
[2022.11.28-10.39.26:271][395]LogSlate: Took 0.000147 seconds to synchronously load lazily loaded font '../../../Engine/Content/Slate/Fonts/Roboto-Light.ttf' (167K)
[2022.11.28-10.39.26:290][395]LogUObjectHash: Compacting FUObjectHashTables data took   0.76ms
[2022.11.28-10.39.26:305][395]LogSavePackage: Moving '../../../../../../Users/olive/Documents/GitHub/Unrealengine-course/Unrealcourse/Saved/ThirdPersonExampleMap43AB122F4EB55F24DBED709F4D38BA50.tmp' to '../../../../../../Users/olive/Documents/GitHub/Unrealengine-course/Unrealcourse/Content/ThirdPersonBP/Maps/ThirdPersonExampleMap.umap'
[2022.11.28-10.39.26:317][395]AssetCheck: New page: Asset Save: ThirdPersonExampleMap
[2022.11.28-10.39.26:317][395]LogContentValidation: Display: Validating World /Game/ThirdPersonBP/Maps/ThirdPersonExampleMap.ThirdPersonExampleMap
